2021-11-21 16:03:17.169|DEBUG|http-nio-8088-exec-2|com.warehouse.dal.mapper.ext.ExtInventoryDOMapper.selectAdminList_COUNT[137]|==>  Preparing: SELECT count(0) FROM `inventory` WHERE is_delete = 0
2021-11-21 16:03:17.186|DEBUG|http-nio-8088-exec-2|com.warehouse.dal.mapper.ext.ExtInventoryDOMapper.selectAdminList_COUNT[137]|==> Parameters: 
2021-11-21 16:03:17.197|DEBUG|http-nio-8088-exec-2|com.warehouse.dal.mapper.ext.ExtInventoryDOMapper.selectAdminList_COUNT[137]|<==      Total: 1
2021-11-21 16:03:17.201|DEBUG|http-nio-8088-exec-2|com.warehouse.dal.mapper.ext.ExtInventoryDOMapper.selectAdminList[137]|==>  Preparing: select id, product_id, sku_id, unit, total_remaining, out_bound_times, out_bound, in_bound_times, in_bound, is_delete, gmt_create, gmt_modified from `inventory` where is_delete = 0 LIMIT ?
2021-11-21 16:03:17.201|DEBUG|http-nio-8088-exec-2|com.warehouse.dal.mapper.ext.ExtInventoryDOMapper.selectAdminList[137]|==> Parameters: 20(Integer)
2021-11-21 16:03:17.203|DEBUG|http-nio-8088-exec-2|com.warehouse.dal.mapper.ext.ExtInventoryDOMapper.selectAdminList[137]|<==      Total: 1
2021-11-21 16:03:17.207|DEBUG|http-nio-8088-exec-2|com.warehouse.dal.mapper.ext.ExtProductDOMapper.selectByIds[137]|==>  Preparing: select id, product_name, `status`, is_delete, gmt_create, gmt_modified from `product` where is_delete = 0 and id in ( ? )
2021-11-21 16:03:17.207|DEBUG|http-nio-8088-exec-2|com.warehouse.dal.mapper.ext.ExtProductDOMapper.selectByIds[137]|==> Parameters: 1(Long)
2021-11-21 16:03:17.209|DEBUG|http-nio-8088-exec-2|com.warehouse.dal.mapper.ext.ExtProductDOMapper.selectByIds[137]|<==      Total: 1
2021-11-21 16:03:17.210|DEBUG|http-nio-8088-exec-2|com.warehouse.dal.mapper.ext.ExtSkuDOMapper.selectByIds[137]|==>  Preparing: select id, sku_name, cost_price, `status`, unit, is_delete, gmt_create, gmt_modified from `sku` where is_delete = 0 and id in ( ? )
2021-11-21 16:03:17.211|DEBUG|http-nio-8088-exec-2|com.warehouse.dal.mapper.ext.ExtSkuDOMapper.selectByIds[137]|==> Parameters: 1(Long)
2021-11-21 16:03:17.212|DEBUG|http-nio-8088-exec-2|com.warehouse.dal.mapper.ext.ExtSkuDOMapper.selectByIds[137]|<==      Total: 1
2021-11-21 16:03:20.759|DEBUG|http-nio-8088-exec-3|com.warehouse.dal.mapper.ext.ExtInventoryDOMapper.selectAdminList_COUNT[137]|==>  Preparing: SELECT count(0) FROM `inventory` WHERE is_delete = 0
2021-11-21 16:03:20.760|DEBUG|http-nio-8088-exec-3|com.warehouse.dal.mapper.ext.ExtInventoryDOMapper.selectAdminList_COUNT[137]|==> Parameters: 
2021-11-21 16:03:20.760|DEBUG|http-nio-8088-exec-3|com.warehouse.dal.mapper.ext.ExtInventoryDOMapper.selectAdminList_COUNT[137]|<==      Total: 1
2021-11-21 16:03:20.761|DEBUG|http-nio-8088-exec-3|com.warehouse.dal.mapper.ext.ExtInventoryDOMapper.selectAdminList[137]|==>  Preparing: select id, product_id, sku_id, unit, total_remaining, out_bound_times, out_bound, in_bound_times, in_bound, is_delete, gmt_create, gmt_modified from `inventory` where is_delete = 0 LIMIT ?
2021-11-21 16:03:20.762|DEBUG|http-nio-8088-exec-3|com.warehouse.dal.mapper.ext.ExtInventoryDOMapper.selectAdminList[137]|==> Parameters: 20(Integer)
2021-11-21 16:03:20.763|DEBUG|http-nio-8088-exec-3|com.warehouse.dal.mapper.ext.ExtInventoryDOMapper.selectAdminList[137]|<==      Total: 1
2021-11-21 16:03:20.764|DEBUG|http-nio-8088-exec-3|com.warehouse.dal.mapper.ext.ExtProductDOMapper.selectByIds[137]|==>  Preparing: select id, product_name, `status`, is_delete, gmt_create, gmt_modified from `product` where is_delete = 0 and id in ( ? )
2021-11-21 16:03:20.764|DEBUG|http-nio-8088-exec-3|com.warehouse.dal.mapper.ext.ExtProductDOMapper.selectByIds[137]|==> Parameters: 1(Long)
2021-11-21 16:03:20.765|DEBUG|http-nio-8088-exec-3|com.warehouse.dal.mapper.ext.ExtProductDOMapper.selectByIds[137]|<==      Total: 1
2021-11-21 16:03:20.766|DEBUG|http-nio-8088-exec-3|com.warehouse.dal.mapper.ext.ExtSkuDOMapper.selectByIds[137]|==>  Preparing: select id, sku_name, cost_price, `status`, unit, is_delete, gmt_create, gmt_modified from `sku` where is_delete = 0 and id in ( ? )
2021-11-21 16:03:20.766|DEBUG|http-nio-8088-exec-3|com.warehouse.dal.mapper.ext.ExtSkuDOMapper.selectByIds[137]|==> Parameters: 1(Long)
2021-11-21 16:03:20.768|DEBUG|http-nio-8088-exec-3|com.warehouse.dal.mapper.ext.ExtSkuDOMapper.selectByIds[137]|<==      Total: 1
2021-11-21 16:07:41.655|DEBUG|http-nio-8088-exec-4|com.warehouse.dal.mapper.InventoryRecordDOMapper.insertSelective[137]|==>  Preparing: insert into `inventory_record` ( product_id, sku_id, management_type, remaining, quantity, unit, `comment` ) values ( ?, ?, ?, ?, ?, ?, ? )
2021-11-21 16:07:41.681|DEBUG|http-nio-8088-exec-4|com.warehouse.dal.mapper.InventoryRecordDOMapper.insertSelective[137]|==> Parameters: 1(Long), 1(Long), 1(Byte), 0(Integer), 100(Integer), 个(String), init(String)
2021-11-21 16:07:41.683|DEBUG|http-nio-8088-exec-4|com.warehouse.dal.mapper.InventoryRecordDOMapper.insertSelective[137]|<==    Updates: 1
2021-11-21 16:07:41.685|DEBUG|http-nio-8088-exec-4|com.warehouse.dal.mapper.InventoryRecordDOMapper.insertSelective!selectKey[137]|==>  Preparing: SELECT LAST_INSERT_ID()
2021-11-21 16:07:41.685|DEBUG|http-nio-8088-exec-4|com.warehouse.dal.mapper.InventoryRecordDOMapper.insertSelective!selectKey[137]|==> Parameters: 
2021-11-21 16:07:41.707|DEBUG|http-nio-8088-exec-4|com.warehouse.dal.mapper.InventoryRecordDOMapper.insertSelective!selectKey[137]|<==      Total: 1
2021-11-21 16:07:51.265|DEBUG|http-nio-8088-exec-6|com.warehouse.dal.mapper.InventoryRecordDOMapper.insertSelective[137]|==>  Preparing: insert into `inventory_record` ( product_id, sku_id, management_type, remaining, quantity, unit, `comment` ) values ( ?, ?, ?, ?, ?, ?, ? )
2021-11-21 16:07:51.267|DEBUG|http-nio-8088-exec-6|com.warehouse.dal.mapper.InventoryRecordDOMapper.insertSelective[137]|==> Parameters: 1(Long), 1(Long), 1(Byte), 0(Integer), 100(Integer), 个(String), init(String)
2021-11-21 16:07:51.268|DEBUG|http-nio-8088-exec-6|com.warehouse.dal.mapper.InventoryRecordDOMapper.insertSelective[137]|<==    Updates: 1
2021-11-21 16:07:51.268|DEBUG|http-nio-8088-exec-6|com.warehouse.dal.mapper.InventoryRecordDOMapper.insertSelective!selectKey[137]|==>  Preparing: SELECT LAST_INSERT_ID()
2021-11-21 16:07:51.269|DEBUG|http-nio-8088-exec-6|com.warehouse.dal.mapper.InventoryRecordDOMapper.insertSelective!selectKey[137]|==> Parameters: 
2021-11-21 16:07:51.270|DEBUG|http-nio-8088-exec-6|com.warehouse.dal.mapper.InventoryRecordDOMapper.insertSelective!selectKey[137]|<==      Total: 1
2021-11-21 16:12:09.389|DEBUG|http-nio-8088-exec-2|com.warehouse.dal.mapper.InventoryRecordDOMapper.insertSelective[137]|==>  Preparing: insert into `inventory_record` ( product_id, sku_id, management_type, remaining, quantity, unit, `comment` ) values ( ?, ?, ?, ?, ?, ?, ? )
2021-11-21 16:12:09.405|DEBUG|http-nio-8088-exec-2|com.warehouse.dal.mapper.InventoryRecordDOMapper.insertSelective[137]|==> Parameters: 1(Long), 1(Long), 1(Byte), 0(Integer), 100(Integer), 个(String), init(String)
2021-11-21 16:12:09.407|DEBUG|http-nio-8088-exec-2|com.warehouse.dal.mapper.InventoryRecordDOMapper.insertSelective[137]|<==    Updates: 1
2021-11-21 16:12:09.408|DEBUG|http-nio-8088-exec-2|com.warehouse.dal.mapper.InventoryRecordDOMapper.insertSelective!selectKey[137]|==>  Preparing: SELECT LAST_INSERT_ID()
2021-11-21 16:12:09.408|DEBUG|http-nio-8088-exec-2|com.warehouse.dal.mapper.InventoryRecordDOMapper.insertSelective!selectKey[137]|==> Parameters: 
2021-11-21 16:12:09.420|DEBUG|http-nio-8088-exec-2|com.warehouse.dal.mapper.InventoryRecordDOMapper.insertSelective!selectKey[137]|<==      Total: 1
2021-11-21 16:12:17.218|DEBUG|http-nio-8088-exec-2|com.warehouse.dal.mapper.ext.ExtInventoryDOMapper.selectBySku[137]|==>  Preparing: select id, product_id, sku_id, unit, total_remaining, out_bound_times, out_bound, in_bound_times, in_bound, is_delete, gmt_create, gmt_modified from `inventory` where is_delete = 0 and product_id = ? and sku_id = ?
2021-11-21 16:12:17.219|DEBUG|http-nio-8088-exec-2|com.warehouse.dal.mapper.ext.ExtInventoryDOMapper.selectBySku[137]|==> Parameters: 1(Long), 1(Long)
2021-11-21 16:12:17.220|DEBUG|http-nio-8088-exec-2|com.warehouse.dal.mapper.ext.ExtInventoryDOMapper.selectBySku[137]|<==      Total: 1
2021-11-21 16:13:31.668|DEBUG|http-nio-8088-exec-2|com.warehouse.dal.mapper.InventoryRecordDOMapper.insertSelective[137]|==>  Preparing: insert into `inventory_record` ( product_id, sku_id, management_type, remaining, quantity, unit, `comment` ) values ( ?, ?, ?, ?, ?, ?, ? )
2021-11-21 16:13:31.684|DEBUG|http-nio-8088-exec-2|com.warehouse.dal.mapper.InventoryRecordDOMapper.insertSelective[137]|==> Parameters: 1(Long), 1(Long), 1(Byte), 0(Integer), 100(Integer), 个(String), init(String)
2021-11-21 16:13:31.685|DEBUG|http-nio-8088-exec-2|com.warehouse.dal.mapper.InventoryRecordDOMapper.insertSelective[137]|<==    Updates: 1
2021-11-21 16:13:31.687|DEBUG|http-nio-8088-exec-2|com.warehouse.dal.mapper.InventoryRecordDOMapper.insertSelective!selectKey[137]|==>  Preparing: SELECT LAST_INSERT_ID()
2021-11-21 16:13:31.687|DEBUG|http-nio-8088-exec-2|com.warehouse.dal.mapper.InventoryRecordDOMapper.insertSelective!selectKey[137]|==> Parameters: 
2021-11-21 16:13:31.697|DEBUG|http-nio-8088-exec-2|com.warehouse.dal.mapper.InventoryRecordDOMapper.insertSelective!selectKey[137]|<==      Total: 1
2021-11-21 16:13:31.703|DEBUG|http-nio-8088-exec-2|com.warehouse.dal.mapper.ext.ExtInventoryDOMapper.selectBySku[137]|==>  Preparing: select id, product_id, sku_id, unit, total_remaining, out_bound_times, out_bound, in_bound_times, in_bound, is_delete, gmt_create, gmt_modified from `inventory` where is_delete = 0 and product_id = ? and sku_id = ?
2021-11-21 16:13:31.703|DEBUG|http-nio-8088-exec-2|com.warehouse.dal.mapper.ext.ExtInventoryDOMapper.selectBySku[137]|==> Parameters: 1(Long), 1(Long)
2021-11-21 16:13:31.704|DEBUG|http-nio-8088-exec-2|com.warehouse.dal.mapper.ext.ExtInventoryDOMapper.selectBySku[137]|<==      Total: 1
2021-11-21 16:13:31.707|DEBUG|http-nio-8088-exec-2|com.warehouse.dal.mapper.ext.ExtInventoryDOMapper.updateInventory[137]|==>  Preparing: update `inventory` SET total_remaining = ?, out_bound_times = ?, out_bound = ? where is_delete = 0 and product_id = ? and sku_id = ?
2021-11-21 16:13:31.707|DEBUG|http-nio-8088-exec-2|com.warehouse.dal.mapper.ext.ExtInventoryDOMapper.updateInventory[137]|==> Parameters: -99(Integer), 1231(Integer), 12410(Integer), 1(Long), 1(Long)
2021-11-21 16:13:31.711|DEBUG|http-nio-8088-exec-2|com.warehouse.dal.mapper.ext.ExtInventoryDOMapper.updateInventory[137]|<==    Updates: 1
2021-11-21 16:14:34.733|DEBUG|http-nio-8088-exec-5|com.warehouse.dal.mapper.InventoryRecordDOMapper.insertSelective[137]|==>  Preparing: insert into `inventory_record` ( product_id, sku_id, management_type, remaining, quantity, unit, `comment` ) values ( ?, ?, ?, ?, ?, ?, ? )
2021-11-21 16:14:34.734|DEBUG|http-nio-8088-exec-5|com.warehouse.dal.mapper.InventoryRecordDOMapper.insertSelective[137]|==> Parameters: 1(Long), 1(Long), 0(Byte), 0(Integer), 100(Integer), 个(String), init(String)
2021-11-21 16:14:34.735|DEBUG|http-nio-8088-exec-5|com.warehouse.dal.mapper.InventoryRecordDOMapper.insertSelective[137]|<==    Updates: 1
2021-11-21 16:14:34.735|DEBUG|http-nio-8088-exec-5|com.warehouse.dal.mapper.InventoryRecordDOMapper.insertSelective!selectKey[137]|==>  Preparing: SELECT LAST_INSERT_ID()
2021-11-21 16:14:34.735|DEBUG|http-nio-8088-exec-5|com.warehouse.dal.mapper.InventoryRecordDOMapper.insertSelective!selectKey[137]|==> Parameters: 
2021-11-21 16:14:34.736|DEBUG|http-nio-8088-exec-5|com.warehouse.dal.mapper.InventoryRecordDOMapper.insertSelective!selectKey[137]|<==      Total: 1
2021-11-21 16:14:34.738|DEBUG|http-nio-8088-exec-5|com.warehouse.dal.mapper.ext.ExtInventoryDOMapper.selectBySku[137]|==>  Preparing: select id, product_id, sku_id, unit, total_remaining, out_bound_times, out_bound, in_bound_times, in_bound, is_delete, gmt_create, gmt_modified from `inventory` where is_delete = 0 and product_id = ? and sku_id = ?
2021-11-21 16:14:34.739|DEBUG|http-nio-8088-exec-5|com.warehouse.dal.mapper.ext.ExtInventoryDOMapper.selectBySku[137]|==> Parameters: 1(Long), 1(Long)
2021-11-21 16:14:34.740|DEBUG|http-nio-8088-exec-5|com.warehouse.dal.mapper.ext.ExtInventoryDOMapper.selectBySku[137]|<==      Total: 1
2021-11-21 16:14:34.741|DEBUG|http-nio-8088-exec-5|com.warehouse.dal.mapper.ext.ExtInventoryDOMapper.updateInventory[137]|==>  Preparing: update `inventory` SET total_remaining = ?, in_bound_times = ?, in_bound = ? where is_delete = 0 and product_id = ? and sku_id = ?
2021-11-21 16:14:34.742|DEBUG|http-nio-8088-exec-5|com.warehouse.dal.mapper.ext.ExtInventoryDOMapper.updateInventory[137]|==> Parameters: 1(Integer), 21(Integer), 120(Integer), 1(Long), 1(Long)
2021-11-21 16:14:34.742|DEBUG|http-nio-8088-exec-5|com.warehouse.dal.mapper.ext.ExtInventoryDOMapper.updateInventory[137]|<==    Updates: 1
2021-11-21 16:16:11.473|DEBUG|http-nio-8088-exec-8|com.warehouse.dal.mapper.InventoryRecordDOMapper.insertSelective[137]|==>  Preparing: insert into `inventory_record` ( product_id, sku_id, management_type, remaining, quantity, unit, `comment` ) values ( ?, ?, ?, ?, ?, ?, ? )
2021-11-21 16:16:11.487|DEBUG|http-nio-8088-exec-8|com.warehouse.dal.mapper.InventoryRecordDOMapper.insertSelective[137]|==> Parameters: 1(Long), 1(Long), 0(Byte), 0(Integer), 100(Integer), 个(String), init(String)
2021-11-21 16:16:11.490|DEBUG|http-nio-8088-exec-8|com.warehouse.dal.mapper.InventoryRecordDOMapper.insertSelective[137]|<==    Updates: 1
2021-11-21 16:16:11.493|DEBUG|http-nio-8088-exec-8|com.warehouse.dal.mapper.InventoryRecordDOMapper.insertSelective!selectKey[137]|==>  Preparing: SELECT LAST_INSERT_ID()
2021-11-21 16:16:11.494|DEBUG|http-nio-8088-exec-8|com.warehouse.dal.mapper.InventoryRecordDOMapper.insertSelective!selectKey[137]|==> Parameters: 
2021-11-21 16:16:11.496|DEBUG|http-nio-8088-exec-8|com.warehouse.dal.mapper.InventoryRecordDOMapper.insertSelective!selectKey[137]|<==      Total: 1
2021-11-21 16:16:11.520|DEBUG|http-nio-8088-exec-8|com.warehouse.dal.mapper.ext.ExtInventoryDOMapper.selectBySku[137]|==>  Preparing: select id, product_id, sku_id, unit, total_remaining, out_bound_times, out_bound, in_bound_times, in_bound, is_delete, gmt_create, gmt_modified from `inventory` where is_delete = 0 and product_id = ? and sku_id = ?
2021-11-21 16:16:11.521|DEBUG|http-nio-8088-exec-8|com.warehouse.dal.mapper.ext.ExtInventoryDOMapper.selectBySku[137]|==> Parameters: 1(Long), 1(Long)
2021-11-21 16:16:11.522|DEBUG|http-nio-8088-exec-8|com.warehouse.dal.mapper.ext.ExtInventoryDOMapper.selectBySku[137]|<==      Total: 1
2021-11-21 16:16:11.522|DEBUG|http-nio-8088-exec-8|com.warehouse.dal.mapper.ext.ExtInventoryDOMapper.updateInventory[137]|==>  Preparing: update `inventory` SET total_remaining = ?, in_bound_times = ?, in_bound = ? where is_delete = 0 and product_id = ? and sku_id = ?
2021-11-21 16:16:11.523|DEBUG|http-nio-8088-exec-8|com.warehouse.dal.mapper.ext.ExtInventoryDOMapper.updateInventory[137]|==> Parameters: 101(Integer), 22(Integer), 220(Integer), 1(Long), 1(Long)
2021-11-21 16:16:11.524|DEBUG|http-nio-8088-exec-8|com.warehouse.dal.mapper.ext.ExtInventoryDOMapper.updateInventory[137]|<==    Updates: 1
2021-11-21 16:16:52.655|DEBUG|http-nio-8088-exec-9|com.warehouse.dal.mapper.InventoryRecordDOMapper.insertSelective[137]|==>  Preparing: insert into `inventory_record` ( product_id, sku_id, management_type, remaining, quantity, unit, `comment` ) values ( ?, ?, ?, ?, ?, ?, ? )
2021-11-21 16:16:52.657|DEBUG|http-nio-8088-exec-9|com.warehouse.dal.mapper.InventoryRecordDOMapper.insertSelective[137]|==> Parameters: 1(Long), 1(Long), 0(Byte), 0(Integer), 100(Integer), 个(String), init(String)
2021-11-21 16:16:52.658|DEBUG|http-nio-8088-exec-9|com.warehouse.dal.mapper.InventoryRecordDOMapper.insertSelective[137]|<==    Updates: 1
2021-11-21 16:16:52.659|DEBUG|http-nio-8088-exec-9|com.warehouse.dal.mapper.InventoryRecordDOMapper.insertSelective!selectKey[137]|==>  Preparing: SELECT LAST_INSERT_ID()
2021-11-21 16:16:52.659|DEBUG|http-nio-8088-exec-9|com.warehouse.dal.mapper.InventoryRecordDOMapper.insertSelective!selectKey[137]|==> Parameters: 
2021-11-21 16:16:52.660|DEBUG|http-nio-8088-exec-9|com.warehouse.dal.mapper.InventoryRecordDOMapper.insertSelective!selectKey[137]|<==      Total: 1
2021-11-21 16:16:52.662|DEBUG|http-nio-8088-exec-9|com.warehouse.dal.mapper.ext.ExtInventoryDOMapper.selectBySku[137]|==>  Preparing: select id, product_id, sku_id, unit, total_remaining, out_bound_times, out_bound, in_bound_times, in_bound, is_delete, gmt_create, gmt_modified from `inventory` where is_delete = 0 and product_id = ? and sku_id = ?
2021-11-21 16:16:52.663|DEBUG|http-nio-8088-exec-9|com.warehouse.dal.mapper.ext.ExtInventoryDOMapper.selectBySku[137]|==> Parameters: 1(Long), 1(Long)
2021-11-21 16:16:52.664|DEBUG|http-nio-8088-exec-9|com.warehouse.dal.mapper.ext.ExtInventoryDOMapper.selectBySku[137]|<==      Total: 0
2021-11-21 16:16:52.665|DEBUG|http-nio-8088-exec-9|com.warehouse.dal.mapper.InventoryDOMapper.insertSelective[137]|==>  Preparing: insert into `inventory` ( product_id, sku_id, unit, total_remaining, in_bound_times, in_bound ) values ( ?, ?, ?, ?, ?, ? )
2021-11-21 16:16:52.667|DEBUG|http-nio-8088-exec-9|com.warehouse.dal.mapper.InventoryDOMapper.insertSelective[137]|==> Parameters: 1(Long), 1(Long), 个(String), 100(Integer), 1(Integer), 100(Integer)
2021-11-21 16:16:52.668|DEBUG|http-nio-8088-exec-9|com.warehouse.dal.mapper.InventoryDOMapper.insertSelective[137]|<==    Updates: 1
2021-11-21 16:16:52.669|DEBUG|http-nio-8088-exec-9|com.warehouse.dal.mapper.InventoryDOMapper.insertSelective!selectKey[137]|==>  Preparing: SELECT LAST_INSERT_ID()
2021-11-21 16:16:52.669|DEBUG|http-nio-8088-exec-9|com.warehouse.dal.mapper.InventoryDOMapper.insertSelective!selectKey[137]|==> Parameters: 
2021-11-21 16:16:52.670|DEBUG|http-nio-8088-exec-9|com.warehouse.dal.mapper.InventoryDOMapper.insertSelective!selectKey[137]|<==      Total: 1
2021-11-21 16:17:27.112|DEBUG|http-nio-8088-exec-10|com.warehouse.dal.mapper.InventoryRecordDOMapper.insertSelective[137]|==>  Preparing: insert into `inventory_record` ( product_id, sku_id, management_type, remaining, quantity, unit, `comment` ) values ( ?, ?, ?, ?, ?, ?, ? )
2021-11-21 16:17:27.112|DEBUG|http-nio-8088-exec-10|com.warehouse.dal.mapper.InventoryRecordDOMapper.insertSelective[137]|==> Parameters: 1(Long), 1(Long), 1(Byte), 100(Integer), 50(Integer), 个(String), init(String)
2021-11-21 16:17:27.113|DEBUG|http-nio-8088-exec-10|com.warehouse.dal.mapper.InventoryRecordDOMapper.insertSelective[137]|<==    Updates: 1
2021-11-21 16:17:27.113|DEBUG|http-nio-8088-exec-10|com.warehouse.dal.mapper.InventoryRecordDOMapper.insertSelective!selectKey[137]|==>  Preparing: SELECT LAST_INSERT_ID()
2021-11-21 16:17:27.113|DEBUG|http-nio-8088-exec-10|com.warehouse.dal.mapper.InventoryRecordDOMapper.insertSelective!selectKey[137]|==> Parameters: 
2021-11-21 16:17:27.114|DEBUG|http-nio-8088-exec-10|com.warehouse.dal.mapper.InventoryRecordDOMapper.insertSelective!selectKey[137]|<==      Total: 1
2021-11-21 16:17:27.115|DEBUG|http-nio-8088-exec-10|com.warehouse.dal.mapper.ext.ExtInventoryDOMapper.selectBySku[137]|==>  Preparing: select id, product_id, sku_id, unit, total_remaining, out_bound_times, out_bound, in_bound_times, in_bound, is_delete, gmt_create, gmt_modified from `inventory` where is_delete = 0 and product_id = ? and sku_id = ?
2021-11-21 16:17:27.115|DEBUG|http-nio-8088-exec-10|com.warehouse.dal.mapper.ext.ExtInventoryDOMapper.selectBySku[137]|==> Parameters: 1(Long), 1(Long)
2021-11-21 16:17:27.117|DEBUG|http-nio-8088-exec-10|com.warehouse.dal.mapper.ext.ExtInventoryDOMapper.selectBySku[137]|<==      Total: 1
2021-11-21 16:17:27.118|DEBUG|http-nio-8088-exec-10|com.warehouse.dal.mapper.ext.ExtInventoryDOMapper.updateInventory[137]|==>  Preparing: update `inventory` SET total_remaining = ?, out_bound_times = ?, out_bound = ? where is_delete = 0 and product_id = ? and sku_id = ?
2021-11-21 16:17:27.118|DEBUG|http-nio-8088-exec-10|com.warehouse.dal.mapper.ext.ExtInventoryDOMapper.updateInventory[137]|==> Parameters: 50(Integer), 1(Integer), 50(Integer), 1(Long), 1(Long)
2021-11-21 16:17:27.119|DEBUG|http-nio-8088-exec-10|com.warehouse.dal.mapper.ext.ExtInventoryDOMapper.updateInventory[137]|<==    Updates: 1
2021-11-21 16:23:41.092|DEBUG|http-nio-8088-exec-1|com.warehouse.dal.mapper.ext.ExtInventoryRecordDOMapper.selectList_COUNT[137]|==>  Preparing: SELECT count(0) FROM `inventory_record` WHERE is_delete = 0
2021-11-21 16:23:41.106|DEBUG|http-nio-8088-exec-1|com.warehouse.dal.mapper.ext.ExtInventoryRecordDOMapper.selectList_COUNT[137]|==> Parameters: 
2021-11-21 16:23:41.116|DEBUG|http-nio-8088-exec-1|com.warehouse.dal.mapper.ext.ExtInventoryRecordDOMapper.selectList_COUNT[137]|<==      Total: 1
2021-11-21 16:23:41.119|DEBUG|http-nio-8088-exec-1|com.warehouse.dal.mapper.ext.ExtInventoryRecordDOMapper.selectList[137]|==>  Preparing: select id, product_id, sku_id, management_type, remaining, quantity, unit, `comment`, is_delete, gmt_create, gmt_modified from `inventory_record` where is_delete = 0 LIMIT ?
2021-11-21 16:23:41.119|DEBUG|http-nio-8088-exec-1|com.warehouse.dal.mapper.ext.ExtInventoryRecordDOMapper.selectList[137]|==> Parameters: 10(Integer)
2021-11-21 16:23:41.121|DEBUG|http-nio-8088-exec-1|com.warehouse.dal.mapper.ext.ExtInventoryRecordDOMapper.selectList[137]|<==      Total: 2
2021-11-21 16:23:41.125|DEBUG|http-nio-8088-exec-1|com.warehouse.dal.mapper.ext.ExtProductDOMapper.selectByIds[137]|==>  Preparing: select id, product_name, `status`, is_delete, gmt_create, gmt_modified from `product` where is_delete = 0 and id in ( ? )
2021-11-21 16:23:41.125|DEBUG|http-nio-8088-exec-1|com.warehouse.dal.mapper.ext.ExtProductDOMapper.selectByIds[137]|==> Parameters: 1(Long)
2021-11-21 16:23:41.126|DEBUG|http-nio-8088-exec-1|com.warehouse.dal.mapper.ext.ExtProductDOMapper.selectByIds[137]|<==      Total: 1
2021-11-21 16:23:41.127|DEBUG|http-nio-8088-exec-1|com.warehouse.dal.mapper.ext.ExtSkuDOMapper.selectByIds[137]|==>  Preparing: select id, sku_name, cost_price, `status`, unit, is_delete, gmt_create, gmt_modified from `sku` where is_delete = 0 and id in ( ? )
2021-11-21 16:23:41.128|DEBUG|http-nio-8088-exec-1|com.warehouse.dal.mapper.ext.ExtSkuDOMapper.selectByIds[137]|==> Parameters: 1(Long)
2021-11-21 16:23:41.128|DEBUG|http-nio-8088-exec-1|com.warehouse.dal.mapper.ext.ExtSkuDOMapper.selectByIds[137]|<==      Total: 1
2021-11-21 16:24:11.331|DEBUG|http-nio-8088-exec-3|com.warehouse.dal.mapper.InventoryRecordDOMapper.insertSelective[137]|==>  Preparing: insert into `inventory_record` ( product_id, sku_id, management_type, remaining, quantity, unit, `comment` ) values ( ?, ?, ?, ?, ?, ?, ? )
2021-11-21 16:24:11.333|DEBUG|http-nio-8088-exec-3|com.warehouse.dal.mapper.InventoryRecordDOMapper.insertSelective[137]|==> Parameters: 1(Long), 2(Long), 0(Byte), 100(Integer), 50(Integer), 个(String), 备注(String)
2021-11-21 16:24:11.334|DEBUG|http-nio-8088-exec-3|com.warehouse.dal.mapper.InventoryRecordDOMapper.insertSelective[137]|<==    Updates: 1
2021-11-21 16:24:11.334|DEBUG|http-nio-8088-exec-3|com.warehouse.dal.mapper.InventoryRecordDOMapper.insertSelective!selectKey[137]|==>  Preparing: SELECT LAST_INSERT_ID()
2021-11-21 16:24:11.335|DEBUG|http-nio-8088-exec-3|com.warehouse.dal.mapper.InventoryRecordDOMapper.insertSelective!selectKey[137]|==> Parameters: 
2021-11-21 16:24:11.335|DEBUG|http-nio-8088-exec-3|com.warehouse.dal.mapper.InventoryRecordDOMapper.insertSelective!selectKey[137]|<==      Total: 1
2021-11-21 16:24:11.339|DEBUG|http-nio-8088-exec-3|com.warehouse.dal.mapper.ext.ExtInventoryDOMapper.selectBySku[137]|==>  Preparing: select id, product_id, sku_id, unit, total_remaining, out_bound_times, out_bound, in_bound_times, in_bound, is_delete, gmt_create, gmt_modified from `inventory` where is_delete = 0 and product_id = ? and sku_id = ?
2021-11-21 16:24:11.339|DEBUG|http-nio-8088-exec-3|com.warehouse.dal.mapper.ext.ExtInventoryDOMapper.selectBySku[137]|==> Parameters: 1(Long), 2(Long)
2021-11-21 16:24:11.340|DEBUG|http-nio-8088-exec-3|com.warehouse.dal.mapper.ext.ExtInventoryDOMapper.selectBySku[137]|<==      Total: 0
2021-11-21 16:24:11.343|DEBUG|http-nio-8088-exec-3|com.warehouse.dal.mapper.InventoryDOMapper.insertSelective[137]|==>  Preparing: insert into `inventory` ( product_id, sku_id, unit, total_remaining, in_bound_times, in_bound ) values ( ?, ?, ?, ?, ?, ? )
2021-11-21 16:24:11.344|DEBUG|http-nio-8088-exec-3|com.warehouse.dal.mapper.InventoryDOMapper.insertSelective[137]|==> Parameters: 1(Long), 2(Long), 个(String), 50(Integer), 1(Integer), 50(Integer)
2021-11-21 16:24:11.345|DEBUG|http-nio-8088-exec-3|com.warehouse.dal.mapper.InventoryDOMapper.insertSelective[137]|<==    Updates: 1
2021-11-21 16:24:11.345|DEBUG|http-nio-8088-exec-3|com.warehouse.dal.mapper.InventoryDOMapper.insertSelective!selectKey[137]|==>  Preparing: SELECT LAST_INSERT_ID()
2021-11-21 16:24:11.345|DEBUG|http-nio-8088-exec-3|com.warehouse.dal.mapper.InventoryDOMapper.insertSelective!selectKey[137]|==> Parameters: 
2021-11-21 16:24:11.346|DEBUG|http-nio-8088-exec-3|com.warehouse.dal.mapper.InventoryDOMapper.insertSelective!selectKey[137]|<==      Total: 1
2021-11-21 16:24:14.061|DEBUG|http-nio-8088-exec-4|com.warehouse.dal.mapper.ext.ExtInventoryRecordDOMapper.selectList_COUNT[137]|==>  Preparing: SELECT count(0) FROM `inventory_record` WHERE is_delete = 0
2021-11-21 16:24:14.062|DEBUG|http-nio-8088-exec-4|com.warehouse.dal.mapper.ext.ExtInventoryRecordDOMapper.selectList_COUNT[137]|==> Parameters: 
2021-11-21 16:24:14.063|DEBUG|http-nio-8088-exec-4|com.warehouse.dal.mapper.ext.ExtInventoryRecordDOMapper.selectList_COUNT[137]|<==      Total: 1
2021-11-21 16:24:14.063|DEBUG|http-nio-8088-exec-4|com.warehouse.dal.mapper.ext.ExtInventoryRecordDOMapper.selectList[137]|==>  Preparing: select id, product_id, sku_id, management_type, remaining, quantity, unit, `comment`, is_delete, gmt_create, gmt_modified from `inventory_record` where is_delete = 0 LIMIT ?
2021-11-21 16:24:14.064|DEBUG|http-nio-8088-exec-4|com.warehouse.dal.mapper.ext.ExtInventoryRecordDOMapper.selectList[137]|==> Parameters: 10(Integer)
2021-11-21 16:24:14.065|DEBUG|http-nio-8088-exec-4|com.warehouse.dal.mapper.ext.ExtInventoryRecordDOMapper.selectList[137]|<==      Total: 3
2021-11-21 16:24:14.066|DEBUG|http-nio-8088-exec-4|com.warehouse.dal.mapper.ext.ExtProductDOMapper.selectByIds[137]|==>  Preparing: select id, product_name, `status`, is_delete, gmt_create, gmt_modified from `product` where is_delete = 0 and id in ( ? )
2021-11-21 16:24:14.066|DEBUG|http-nio-8088-exec-4|com.warehouse.dal.mapper.ext.ExtProductDOMapper.selectByIds[137]|==> Parameters: 1(Long)
2021-11-21 16:24:14.068|DEBUG|http-nio-8088-exec-4|com.warehouse.dal.mapper.ext.ExtProductDOMapper.selectByIds[137]|<==      Total: 1
2021-11-21 16:24:14.069|DEBUG|http-nio-8088-exec-4|com.warehouse.dal.mapper.ext.ExtSkuDOMapper.selectByIds[137]|==>  Preparing: select id, sku_name, cost_price, `status`, unit, is_delete, gmt_create, gmt_modified from `sku` where is_delete = 0 and id in ( ? , ? )
2021-11-21 16:24:14.069|DEBUG|http-nio-8088-exec-4|com.warehouse.dal.mapper.ext.ExtSkuDOMapper.selectByIds[137]|==> Parameters: 1(Long), 2(Long)
2021-11-21 16:24:14.074|DEBUG|http-nio-8088-exec-4|com.warehouse.dal.mapper.ext.ExtSkuDOMapper.selectByIds[137]|<==      Total: 2
2021-11-21 16:25:01.825|DEBUG|http-nio-8088-exec-5|com.warehouse.dal.mapper.InventoryRecordDOMapper.insertSelective[137]|==>  Preparing: insert into `inventory_record` ( product_id, sku_id, management_type, remaining, quantity, unit, `comment` ) values ( ?, ?, ?, ?, ?, ?, ? )
2021-11-21 16:25:01.827|DEBUG|http-nio-8088-exec-5|com.warehouse.dal.mapper.InventoryRecordDOMapper.insertSelective[137]|==> Parameters: 2(Long), 10(Long), 0(Byte), 100(Integer), 50(Integer), 个(String), 备注(String)
2021-11-21 16:25:01.827|DEBUG|http-nio-8088-exec-5|com.warehouse.dal.mapper.InventoryRecordDOMapper.insertSelective[137]|<==    Updates: 1
2021-11-21 16:25:01.828|DEBUG|http-nio-8088-exec-5|com.warehouse.dal.mapper.InventoryRecordDOMapper.insertSelective!selectKey[137]|==>  Preparing: SELECT LAST_INSERT_ID()
2021-11-21 16:25:01.828|DEBUG|http-nio-8088-exec-5|com.warehouse.dal.mapper.InventoryRecordDOMapper.insertSelective!selectKey[137]|==> Parameters: 
2021-11-21 16:25:01.829|DEBUG|http-nio-8088-exec-5|com.warehouse.dal.mapper.InventoryRecordDOMapper.insertSelective!selectKey[137]|<==      Total: 1
2021-11-21 16:25:01.830|DEBUG|http-nio-8088-exec-5|com.warehouse.dal.mapper.ext.ExtInventoryDOMapper.selectBySku[137]|==>  Preparing: select id, product_id, sku_id, unit, total_remaining, out_bound_times, out_bound, in_bound_times, in_bound, is_delete, gmt_create, gmt_modified from `inventory` where is_delete = 0 and product_id = ? and sku_id = ?
2021-11-21 16:25:01.831|DEBUG|http-nio-8088-exec-5|com.warehouse.dal.mapper.ext.ExtInventoryDOMapper.selectBySku[137]|==> Parameters: 2(Long), 10(Long)
2021-11-21 16:25:01.832|DEBUG|http-nio-8088-exec-5|com.warehouse.dal.mapper.ext.ExtInventoryDOMapper.selectBySku[137]|<==      Total: 0
2021-11-21 16:25:01.833|DEBUG|http-nio-8088-exec-5|com.warehouse.dal.mapper.InventoryDOMapper.insertSelective[137]|==>  Preparing: insert into `inventory` ( product_id, sku_id, unit, total_remaining, in_bound_times, in_bound ) values ( ?, ?, ?, ?, ?, ? )
2021-11-21 16:25:01.834|DEBUG|http-nio-8088-exec-5|com.warehouse.dal.mapper.InventoryDOMapper.insertSelective[137]|==> Parameters: 2(Long), 10(Long), 个(String), 50(Integer), 1(Integer), 50(Integer)
2021-11-21 16:25:01.834|DEBUG|http-nio-8088-exec-5|com.warehouse.dal.mapper.InventoryDOMapper.insertSelective[137]|<==    Updates: 1
2021-11-21 16:25:01.835|DEBUG|http-nio-8088-exec-5|com.warehouse.dal.mapper.InventoryDOMapper.insertSelective!selectKey[137]|==>  Preparing: SELECT LAST_INSERT_ID()
2021-11-21 16:25:01.835|DEBUG|http-nio-8088-exec-5|com.warehouse.dal.mapper.InventoryDOMapper.insertSelective!selectKey[137]|==> Parameters: 
2021-11-21 16:25:01.835|DEBUG|http-nio-8088-exec-5|com.warehouse.dal.mapper.InventoryDOMapper.insertSelective!selectKey[137]|<==      Total: 1
2021-11-21 16:25:04.218|DEBUG|http-nio-8088-exec-6|com.warehouse.dal.mapper.ext.ExtInventoryRecordDOMapper.selectList_COUNT[137]|==>  Preparing: SELECT count(0) FROM `inventory_record` WHERE is_delete = 0
2021-11-21 16:25:04.218|DEBUG|http-nio-8088-exec-6|com.warehouse.dal.mapper.ext.ExtInventoryRecordDOMapper.selectList_COUNT[137]|==> Parameters: 
2021-11-21 16:25:04.219|DEBUG|http-nio-8088-exec-6|com.warehouse.dal.mapper.ext.ExtInventoryRecordDOMapper.selectList_COUNT[137]|<==      Total: 1
2021-11-21 16:25:04.220|DEBUG|http-nio-8088-exec-6|com.warehouse.dal.mapper.ext.ExtInventoryRecordDOMapper.selectList[137]|==>  Preparing: select id, product_id, sku_id, management_type, remaining, quantity, unit, `comment`, is_delete, gmt_create, gmt_modified from `inventory_record` where is_delete = 0 LIMIT ?
2021-11-21 16:25:04.221|DEBUG|http-nio-8088-exec-6|com.warehouse.dal.mapper.ext.ExtInventoryRecordDOMapper.selectList[137]|==> Parameters: 10(Integer)
2021-11-21 16:25:04.223|DEBUG|http-nio-8088-exec-6|com.warehouse.dal.mapper.ext.ExtInventoryRecordDOMapper.selectList[137]|<==      Total: 4
2021-11-21 16:25:04.225|DEBUG|http-nio-8088-exec-6|com.warehouse.dal.mapper.ext.ExtProductDOMapper.selectByIds[137]|==>  Preparing: select id, product_name, `status`, is_delete, gmt_create, gmt_modified from `product` where is_delete = 0 and id in ( ? , ? )
2021-11-21 16:25:04.225|DEBUG|http-nio-8088-exec-6|com.warehouse.dal.mapper.ext.ExtProductDOMapper.selectByIds[137]|==> Parameters: 1(Long), 2(Long)
2021-11-21 16:25:04.226|DEBUG|http-nio-8088-exec-6|com.warehouse.dal.mapper.ext.ExtProductDOMapper.selectByIds[137]|<==      Total: 2
2021-11-21 16:25:04.227|DEBUG|http-nio-8088-exec-6|com.warehouse.dal.mapper.ext.ExtSkuDOMapper.selectByIds[137]|==>  Preparing: select id, sku_name, cost_price, `status`, unit, is_delete, gmt_create, gmt_modified from `sku` where is_delete = 0 and id in ( ? , ? , ? )
2021-11-21 16:25:04.227|DEBUG|http-nio-8088-exec-6|com.warehouse.dal.mapper.ext.ExtSkuDOMapper.selectByIds[137]|==> Parameters: 1(Long), 2(Long), 10(Long)
2021-11-21 16:25:04.228|DEBUG|http-nio-8088-exec-6|com.warehouse.dal.mapper.ext.ExtSkuDOMapper.selectByIds[137]|<==      Total: 3
2021-11-21 16:25:16.961|DEBUG|http-nio-8088-exec-7|com.warehouse.dal.mapper.ext.ExtSkuDOMapper.selectByName[137]|==>  Preparing: select id, sku_name, cost_price, `status`, unit, is_delete, gmt_create, gmt_modified from `sku` where is_delete = 0 and sku_name like CONCAT('%', ?, '%')
2021-11-21 16:25:16.962|DEBUG|http-nio-8088-exec-7|com.warehouse.dal.mapper.ext.ExtSkuDOMapper.selectByName[137]|==> Parameters: DN40(String)
2021-11-21 16:25:16.966|DEBUG|http-nio-8088-exec-7|com.warehouse.dal.mapper.ext.ExtSkuDOMapper.selectByName[137]|<==      Total: 10
2021-11-21 16:25:16.983|DEBUG|http-nio-8088-exec-7|com.warehouse.dal.mapper.ext.ExtInventoryRecordDOMapper.selectList_COUNT[137]|==>  Preparing: SELECT count(0) FROM `inventory_record` WHERE is_delete = 0 AND sku_id IN (?, ?, ?, ?, ?, ?, ?, ?, ?, ?)
2021-11-21 16:25:16.984|DEBUG|http-nio-8088-exec-7|com.warehouse.dal.mapper.ext.ExtInventoryRecordDOMapper.selectList_COUNT[137]|==> Parameters: 17(Long), 33(Long), 35(Long), 5(Long), 40(Long), 25(Long), 10(Long), 13(Long), 29(Long), 47(Long)
2021-11-21 16:25:16.985|DEBUG|http-nio-8088-exec-7|com.warehouse.dal.mapper.ext.ExtInventoryRecordDOMapper.selectList_COUNT[137]|<==      Total: 1
2021-11-21 16:25:16.986|DEBUG|http-nio-8088-exec-7|com.warehouse.dal.mapper.ext.ExtInventoryRecordDOMapper.selectList[137]|==>  Preparing: select id, product_id, sku_id, management_type, remaining, quantity, unit, `comment`, is_delete, gmt_create, gmt_modified from `inventory_record` where is_delete = 0 and sku_id in ( ? , ? , ? , ? , ? , ? , ? , ? , ? , ? ) LIMIT ?
2021-11-21 16:25:16.986|DEBUG|http-nio-8088-exec-7|com.warehouse.dal.mapper.ext.ExtInventoryRecordDOMapper.selectList[137]|==> Parameters: 17(Long), 33(Long), 35(Long), 5(Long), 40(Long), 25(Long), 10(Long), 13(Long), 29(Long), 47(Long), 10(Integer)
2021-11-21 16:25:16.987|DEBUG|http-nio-8088-exec-7|com.warehouse.dal.mapper.ext.ExtInventoryRecordDOMapper.selectList[137]|<==      Total: 1
2021-11-21 16:25:16.989|DEBUG|http-nio-8088-exec-7|com.warehouse.dal.mapper.ext.ExtProductDOMapper.selectByIds[137]|==>  Preparing: select id, product_name, `status`, is_delete, gmt_create, gmt_modified from `product` where is_delete = 0 and id in ( ? )
2021-11-21 16:25:16.989|DEBUG|http-nio-8088-exec-7|com.warehouse.dal.mapper.ext.ExtProductDOMapper.selectByIds[137]|==> Parameters: 2(Long)
2021-11-21 16:25:16.990|DEBUG|http-nio-8088-exec-7|com.warehouse.dal.mapper.ext.ExtProductDOMapper.selectByIds[137]|<==      Total: 1
2021-11-21 16:25:16.991|DEBUG|http-nio-8088-exec-7|com.warehouse.dal.mapper.ext.ExtSkuDOMapper.selectByIds[137]|==>  Preparing: select id, sku_name, cost_price, `status`, unit, is_delete, gmt_create, gmt_modified from `sku` where is_delete = 0 and id in ( ? )
2021-11-21 16:25:16.991|DEBUG|http-nio-8088-exec-7|com.warehouse.dal.mapper.ext.ExtSkuDOMapper.selectByIds[137]|==> Parameters: 10(Long)
2021-11-21 16:25:16.993|DEBUG|http-nio-8088-exec-7|com.warehouse.dal.mapper.ext.ExtSkuDOMapper.selectByIds[137]|<==      Total: 1
2021-11-21 16:25:22.805|DEBUG|http-nio-8088-exec-8|com.warehouse.dal.mapper.ext.ExtInventoryRecordDOMapper.selectList_COUNT[137]|==>  Preparing: SELECT count(0) FROM `inventory_record` WHERE is_delete = 0
2021-11-21 16:25:22.805|DEBUG|http-nio-8088-exec-8|com.warehouse.dal.mapper.ext.ExtInventoryRecordDOMapper.selectList_COUNT[137]|==> Parameters: 
2021-11-21 16:25:22.806|DEBUG|http-nio-8088-exec-8|com.warehouse.dal.mapper.ext.ExtInventoryRecordDOMapper.selectList_COUNT[137]|<==      Total: 1
2021-11-21 16:25:22.806|DEBUG|http-nio-8088-exec-8|com.warehouse.dal.mapper.ext.ExtInventoryRecordDOMapper.selectList[137]|==>  Preparing: select id, product_id, sku_id, management_type, remaining, quantity, unit, `comment`, is_delete, gmt_create, gmt_modified from `inventory_record` where is_delete = 0 LIMIT ?
2021-11-21 16:25:22.806|DEBUG|http-nio-8088-exec-8|com.warehouse.dal.mapper.ext.ExtInventoryRecordDOMapper.selectList[137]|==> Parameters: 10(Integer)
2021-11-21 16:25:22.808|DEBUG|http-nio-8088-exec-8|com.warehouse.dal.mapper.ext.ExtInventoryRecordDOMapper.selectList[137]|<==      Total: 4
2021-11-21 16:25:22.809|DEBUG|http-nio-8088-exec-8|com.warehouse.dal.mapper.ext.ExtProductDOMapper.selectByIds[137]|==>  Preparing: select id, product_name, `status`, is_delete, gmt_create, gmt_modified from `product` where is_delete = 0 and id in ( ? , ? )
2021-11-21 16:25:22.809|DEBUG|http-nio-8088-exec-8|com.warehouse.dal.mapper.ext.ExtProductDOMapper.selectByIds[137]|==> Parameters: 1(Long), 2(Long)
2021-11-21 16:25:22.810|DEBUG|http-nio-8088-exec-8|com.warehouse.dal.mapper.ext.ExtProductDOMapper.selectByIds[137]|<==      Total: 2
2021-11-21 16:25:22.811|DEBUG|http-nio-8088-exec-8|com.warehouse.dal.mapper.ext.ExtSkuDOMapper.selectByIds[137]|==>  Preparing: select id, sku_name, cost_price, `status`, unit, is_delete, gmt_create, gmt_modified from `sku` where is_delete = 0 and id in ( ? , ? , ? )
2021-11-21 16:25:22.811|DEBUG|http-nio-8088-exec-8|com.warehouse.dal.mapper.ext.ExtSkuDOMapper.selectByIds[137]|==> Parameters: 1(Long), 2(Long), 10(Long)
2021-11-21 16:25:22.812|DEBUG|http-nio-8088-exec-8|com.warehouse.dal.mapper.ext.ExtSkuDOMapper.selectByIds[137]|<==      Total: 3
2021-11-21 16:25:31.208|DEBUG|http-nio-8088-exec-9|com.warehouse.dal.mapper.ext.ExtProductDOMapper.selectByName[137]|==>  Preparing: select id, product_name, `status`, is_delete, gmt_create, gmt_modified from `product` where is_delete = 0 and product_name like CONCAT('%', ?, '%')
2021-11-21 16:25:31.209|DEBUG|http-nio-8088-exec-9|com.warehouse.dal.mapper.ext.ExtProductDOMapper.selectByName[137]|==> Parameters: 丝接弯头(String)
2021-11-21 16:25:31.209|DEBUG|http-nio-8088-exec-9|com.warehouse.dal.mapper.ext.ExtProductDOMapper.selectByName[137]|<==      Total: 0
2021-11-21 16:26:03.068|DEBUG|http-nio-8088-exec-10|com.warehouse.dal.mapper.ext.ExtProductDOMapper.selectByName[137]|==>  Preparing: select id, product_name, `status`, is_delete, gmt_create, gmt_modified from `product` where is_delete = 0 and product_name like CONCAT('%', ?, '%')
2021-11-21 16:26:03.070|DEBUG|http-nio-8088-exec-10|com.warehouse.dal.mapper.ext.ExtProductDOMapper.selectByName[137]|==> Parameters: 丝接弯头(String)
2021-11-21 16:26:03.072|DEBUG|http-nio-8088-exec-10|com.warehouse.dal.mapper.ext.ExtProductDOMapper.selectByName[137]|<==      Total: 0
2021-11-21 16:27:47.761|DEBUG|http-nio-8088-exec-2|com.warehouse.dal.mapper.ext.ExtProductDOMapper.selectByName[137]|==>  Preparing: select id, product_name, `status`, is_delete, gmt_create, gmt_modified from `product` where is_delete = 0 and product_name like CONCAT('%', ?, '%')
2021-11-21 16:27:47.764|DEBUG|http-nio-8088-exec-2|com.warehouse.dal.mapper.ext.ExtProductDOMapper.selectByName[137]|==> Parameters: 丝接弯头(String)
2021-11-21 16:27:47.766|DEBUG|http-nio-8088-exec-2|com.warehouse.dal.mapper.ext.ExtProductDOMapper.selectByName[137]|<==      Total: 0
2021-11-21 16:32:07.705|DEBUG|http-nio-8088-exec-2|com.warehouse.dal.mapper.ext.ExtProductDOMapper.selectByName[137]|==>  Preparing: select id, product_name, `status`, is_delete, gmt_create, gmt_modified from `product` where is_delete = 0 and product_name like CONCAT('%', ?, '%')
2021-11-21 16:32:07.930|DEBUG|http-nio-8088-exec-2|com.warehouse.dal.mapper.ext.ExtProductDOMapper.selectByName[137]|==> Parameters: 丝接弯头(String)
2021-11-21 16:32:08.128|DEBUG|http-nio-8088-exec-2|com.warehouse.dal.mapper.ext.ExtProductDOMapper.selectByName[137]|<==      Total: 0
2021-11-21 16:33:26.561|DEBUG|http-nio-8088-exec-1|com.warehouse.dal.mapper.ext.ExtProductDOMapper.selectByName[137]|==>  Preparing: select id, product_name, `status`, is_delete, gmt_create, gmt_modified from `product` where is_delete = 0 and product_name like CONCAT('%', ?, '%')
2021-11-21 16:33:26.790|DEBUG|http-nio-8088-exec-1|com.warehouse.dal.mapper.ext.ExtProductDOMapper.selectByName[137]|==> Parameters: 丝接弯头(String)
2021-11-21 16:33:26.998|DEBUG|http-nio-8088-exec-1|com.warehouse.dal.mapper.ext.ExtProductDOMapper.selectByName[137]|<==      Total: 0
2021-11-21 16:43:28.294|DEBUG|http-nio-8088-exec-1|com.warehouse.dal.mapper.ext.ExtProductDOMapper.selectByName[137]|==>  Preparing: select id, product_name, `status`, is_delete, gmt_create, gmt_modified from `product` where is_delete = 0 and product_name like CONCAT('%', ?, '%')
2021-11-21 16:43:28.527|DEBUG|http-nio-8088-exec-1|com.warehouse.dal.mapper.ext.ExtProductDOMapper.selectByName[137]|==> Parameters: 丝接弯头(String)
2021-11-21 16:43:28.742|DEBUG|http-nio-8088-exec-1|com.warehouse.dal.mapper.ext.ExtProductDOMapper.selectByName[137]|<==      Total: 1
2021-11-21 16:43:36.671|DEBUG|http-nio-8088-exec-1|com.warehouse.dal.mapper.ext.ExtInventoryRecordDOMapper.selectList_COUNT[137]|==>  Preparing: SELECT count(0) FROM `inventory_record` WHERE is_delete = 0 AND product_id IN (?)
2021-11-21 16:43:36.671|DEBUG|http-nio-8088-exec-1|com.warehouse.dal.mapper.ext.ExtInventoryRecordDOMapper.selectList_COUNT[137]|==> Parameters: 1(Long)
2021-11-21 16:43:36.673|DEBUG|http-nio-8088-exec-1|com.warehouse.dal.mapper.ext.ExtInventoryRecordDOMapper.selectList_COUNT[137]|<==      Total: 1
2021-11-21 16:43:36.675|DEBUG|http-nio-8088-exec-1|com.warehouse.dal.mapper.ext.ExtInventoryRecordDOMapper.selectList[137]|==>  Preparing: select id, product_id, sku_id, management_type, remaining, quantity, unit, `comment`, is_delete, gmt_create, gmt_modified from `inventory_record` where is_delete = 0 and product_id in ( ? ) LIMIT ?
2021-11-21 16:43:36.675|DEBUG|http-nio-8088-exec-1|com.warehouse.dal.mapper.ext.ExtInventoryRecordDOMapper.selectList[137]|==> Parameters: 1(Long), 10(Integer)
2021-11-21 16:43:36.680|DEBUG|http-nio-8088-exec-1|com.warehouse.dal.mapper.ext.ExtInventoryRecordDOMapper.selectList[137]|<==      Total: 3
2021-11-21 16:43:36.682|DEBUG|http-nio-8088-exec-1|com.warehouse.dal.mapper.ext.ExtProductDOMapper.selectByIds[137]|==>  Preparing: select id, product_name, `status`, is_delete, gmt_create, gmt_modified from `product` where is_delete = 0 and id in ( ? )
2021-11-21 16:43:36.682|DEBUG|http-nio-8088-exec-1|com.warehouse.dal.mapper.ext.ExtProductDOMapper.selectByIds[137]|==> Parameters: 1(Long)
2021-11-21 16:43:36.683|DEBUG|http-nio-8088-exec-1|com.warehouse.dal.mapper.ext.ExtProductDOMapper.selectByIds[137]|<==      Total: 1
2021-11-21 16:43:36.685|DEBUG|http-nio-8088-exec-1|com.warehouse.dal.mapper.ext.ExtSkuDOMapper.selectByIds[137]|==>  Preparing: select id, sku_name, cost_price, `status`, unit, is_delete, gmt_create, gmt_modified from `sku` where is_delete = 0 and id in ( ? , ? )
2021-11-21 16:43:36.686|DEBUG|http-nio-8088-exec-1|com.warehouse.dal.mapper.ext.ExtSkuDOMapper.selectByIds[137]|==> Parameters: 1(Long), 2(Long)
2021-11-21 16:43:36.687|DEBUG|http-nio-8088-exec-1|com.warehouse.dal.mapper.ext.ExtSkuDOMapper.selectByIds[137]|<==      Total: 2
2021-11-21 16:44:17.498|DEBUG|http-nio-8088-exec-1|com.warehouse.dal.mapper.ext.ExtProductDOMapper.selectByName[137]|==>  Preparing: select id, product_name, `status`, is_delete, gmt_create, gmt_modified from `product` where is_delete = 0 and product_name like CONCAT('%', ?, '%')
2021-11-21 16:44:17.517|DEBUG|http-nio-8088-exec-1|com.warehouse.dal.mapper.ext.ExtProductDOMapper.selectByName[137]|==> Parameters: 丝接弯头(String)
2021-11-21 16:44:17.530|DEBUG|http-nio-8088-exec-1|com.warehouse.dal.mapper.ext.ExtProductDOMapper.selectByName[137]|<==      Total: 1
2021-11-21 16:44:17.536|DEBUG|http-nio-8088-exec-1|com.warehouse.dal.mapper.ext.ExtSkuDOMapper.selectByName[137]|==>  Preparing: select id, sku_name, cost_price, `status`, unit, is_delete, gmt_create, gmt_modified from `sku` where is_delete = 0 and sku_name like CONCAT('%', ?, '%')
2021-11-21 16:44:17.537|DEBUG|http-nio-8088-exec-1|com.warehouse.dal.mapper.ext.ExtSkuDOMapper.selectByName[137]|==> Parameters: DN15(String)
2021-11-21 16:44:17.538|DEBUG|http-nio-8088-exec-1|com.warehouse.dal.mapper.ext.ExtSkuDOMapper.selectByName[137]|<==      Total: 4
2021-11-21 16:44:17.594|DEBUG|http-nio-8088-exec-1|com.warehouse.dal.mapper.ext.ExtInventoryRecordDOMapper.selectList_COUNT[137]|==>  Preparing: SELECT count(0) FROM `inventory_record` WHERE is_delete = 0 AND product_id IN (?) AND sku_id IN (?, ?, ?, ?)
2021-11-21 16:44:17.595|DEBUG|http-nio-8088-exec-1|com.warehouse.dal.mapper.ext.ExtInventoryRecordDOMapper.selectList_COUNT[137]|==> Parameters: 1(Long), 1(Long), 52(Long), 56(Long), 57(Long)
2021-11-21 16:44:17.596|DEBUG|http-nio-8088-exec-1|com.warehouse.dal.mapper.ext.ExtInventoryRecordDOMapper.selectList_COUNT[137]|<==      Total: 1
2021-11-21 16:44:17.598|DEBUG|http-nio-8088-exec-1|com.warehouse.dal.mapper.ext.ExtInventoryRecordDOMapper.selectList[137]|==>  Preparing: select id, product_id, sku_id, management_type, remaining, quantity, unit, `comment`, is_delete, gmt_create, gmt_modified from `inventory_record` where is_delete = 0 and product_id in ( ? ) and sku_id in ( ? , ? , ? , ? ) LIMIT ?
2021-11-21 16:44:17.599|DEBUG|http-nio-8088-exec-1|com.warehouse.dal.mapper.ext.ExtInventoryRecordDOMapper.selectList[137]|==> Parameters: 1(Long), 1(Long), 52(Long), 56(Long), 57(Long), 10(Integer)
2021-11-21 16:44:17.600|DEBUG|http-nio-8088-exec-1|com.warehouse.dal.mapper.ext.ExtInventoryRecordDOMapper.selectList[137]|<==      Total: 2
2021-11-21 16:44:17.602|DEBUG|http-nio-8088-exec-1|com.warehouse.dal.mapper.ext.ExtProductDOMapper.selectByIds[137]|==>  Preparing: select id, product_name, `status`, is_delete, gmt_create, gmt_modified from `product` where is_delete = 0 and id in ( ? )
2021-11-21 16:44:17.602|DEBUG|http-nio-8088-exec-1|com.warehouse.dal.mapper.ext.ExtProductDOMapper.selectByIds[137]|==> Parameters: 1(Long)
2021-11-21 16:44:17.604|DEBUG|http-nio-8088-exec-1|com.warehouse.dal.mapper.ext.ExtProductDOMapper.selectByIds[137]|<==      Total: 1
2021-11-21 16:44:17.605|DEBUG|http-nio-8088-exec-1|com.warehouse.dal.mapper.ext.ExtSkuDOMapper.selectByIds[137]|==>  Preparing: select id, sku_name, cost_price, `status`, unit, is_delete, gmt_create, gmt_modified from `sku` where is_delete = 0 and id in ( ? )
2021-11-21 16:44:17.605|DEBUG|http-nio-8088-exec-1|com.warehouse.dal.mapper.ext.ExtSkuDOMapper.selectByIds[137]|==> Parameters: 1(Long)
2021-11-21 16:44:17.607|DEBUG|http-nio-8088-exec-1|com.warehouse.dal.mapper.ext.ExtSkuDOMapper.selectByIds[137]|<==      Total: 1
2021-11-21 16:44:25.258|DEBUG|http-nio-8088-exec-3|com.warehouse.dal.mapper.ext.ExtProductDOMapper.selectByName[137]|==>  Preparing: select id, product_name, `status`, is_delete, gmt_create, gmt_modified from `product` where is_delete = 0 and product_name like CONCAT('%', ?, '%')
2021-11-21 16:44:25.259|DEBUG|http-nio-8088-exec-3|com.warehouse.dal.mapper.ext.ExtProductDOMapper.selectByName[137]|==> Parameters: 丝接弯头(String)
2021-11-21 16:44:25.260|DEBUG|http-nio-8088-exec-3|com.warehouse.dal.mapper.ext.ExtProductDOMapper.selectByName[137]|<==      Total: 1
2021-11-21 16:44:25.262|DEBUG|http-nio-8088-exec-3|com.warehouse.dal.mapper.ext.ExtSkuDOMapper.selectByName[137]|==>  Preparing: select id, sku_name, cost_price, `status`, unit, is_delete, gmt_create, gmt_modified from `sku` where is_delete = 0 and sku_name like CONCAT('%', ?, '%')
2021-11-21 16:44:25.262|DEBUG|http-nio-8088-exec-3|com.warehouse.dal.mapper.ext.ExtSkuDOMapper.selectByName[137]|==> Parameters: DN20(String)
2021-11-21 16:44:25.263|DEBUG|http-nio-8088-exec-3|com.warehouse.dal.mapper.ext.ExtSkuDOMapper.selectByName[137]|<==      Total: 1
2021-11-21 16:44:25.266|DEBUG|http-nio-8088-exec-3|com.warehouse.dal.mapper.ext.ExtInventoryRecordDOMapper.selectList_COUNT[137]|==>  Preparing: SELECT count(0) FROM `inventory_record` WHERE is_delete = 0 AND product_id IN (?) AND sku_id IN (?)
2021-11-21 16:44:25.266|DEBUG|http-nio-8088-exec-3|com.warehouse.dal.mapper.ext.ExtInventoryRecordDOMapper.selectList_COUNT[137]|==> Parameters: 1(Long), 2(Long)
2021-11-21 16:44:25.267|DEBUG|http-nio-8088-exec-3|com.warehouse.dal.mapper.ext.ExtInventoryRecordDOMapper.selectList_COUNT[137]|<==      Total: 1
2021-11-21 16:44:25.268|DEBUG|http-nio-8088-exec-3|com.warehouse.dal.mapper.ext.ExtInventoryRecordDOMapper.selectList[137]|==>  Preparing: select id, product_id, sku_id, management_type, remaining, quantity, unit, `comment`, is_delete, gmt_create, gmt_modified from `inventory_record` where is_delete = 0 and product_id in ( ? ) and sku_id in ( ? ) LIMIT ?
2021-11-21 16:44:25.268|DEBUG|http-nio-8088-exec-3|com.warehouse.dal.mapper.ext.ExtInventoryRecordDOMapper.selectList[137]|==> Parameters: 1(Long), 2(Long), 10(Integer)
2021-11-21 16:44:25.269|DEBUG|http-nio-8088-exec-3|com.warehouse.dal.mapper.ext.ExtInventoryRecordDOMapper.selectList[137]|<==      Total: 1
2021-11-21 16:44:25.271|DEBUG|http-nio-8088-exec-3|com.warehouse.dal.mapper.ext.ExtProductDOMapper.selectByIds[137]|==>  Preparing: select id, product_name, `status`, is_delete, gmt_create, gmt_modified from `product` where is_delete = 0 and id in ( ? )
2021-11-21 16:44:25.271|DEBUG|http-nio-8088-exec-3|com.warehouse.dal.mapper.ext.ExtProductDOMapper.selectByIds[137]|==> Parameters: 1(Long)
2021-11-21 16:44:25.272|DEBUG|http-nio-8088-exec-3|com.warehouse.dal.mapper.ext.ExtProductDOMapper.selectByIds[137]|<==      Total: 1
2021-11-21 16:44:25.273|DEBUG|http-nio-8088-exec-3|com.warehouse.dal.mapper.ext.ExtSkuDOMapper.selectByIds[137]|==>  Preparing: select id, sku_name, cost_price, `status`, unit, is_delete, gmt_create, gmt_modified from `sku` where is_delete = 0 and id in ( ? )
2021-11-21 16:44:25.273|DEBUG|http-nio-8088-exec-3|com.warehouse.dal.mapper.ext.ExtSkuDOMapper.selectByIds[137]|==> Parameters: 2(Long)
2021-11-21 16:44:25.274|DEBUG|http-nio-8088-exec-3|com.warehouse.dal.mapper.ext.ExtSkuDOMapper.selectByIds[137]|<==      Total: 1
2021-11-21 16:47:00.949|DEBUG|http-nio-8088-exec-2|com.warehouse.dal.mapper.ext.ExtProductDOMapper.selectProductList_COUNT[137]|==>  Preparing: SELECT count(0) FROM `product` WHERE is_delete = 0
2021-11-21 16:47:00.963|DEBUG|http-nio-8088-exec-2|com.warehouse.dal.mapper.ext.ExtProductDOMapper.selectProductList_COUNT[137]|==> Parameters: 
2021-11-21 16:47:00.973|DEBUG|http-nio-8088-exec-2|com.warehouse.dal.mapper.ext.ExtProductDOMapper.selectProductList_COUNT[137]|<==      Total: 1
2021-11-21 16:47:00.976|DEBUG|http-nio-8088-exec-2|com.warehouse.dal.mapper.ext.ExtProductDOMapper.selectProductList[137]|==>  Preparing: select id, product_name, `status`, is_delete, gmt_create, gmt_modified from `product` where is_delete = 0 order by gmt_create desc LIMIT ?
2021-11-21 16:47:00.976|DEBUG|http-nio-8088-exec-2|com.warehouse.dal.mapper.ext.ExtProductDOMapper.selectProductList[137]|==> Parameters: 10(Integer)
2021-11-21 16:47:00.980|DEBUG|http-nio-8088-exec-2|com.warehouse.dal.mapper.ext.ExtProductDOMapper.selectProductList[137]|<==      Total: 10
2021-11-21 16:47:36.548|DEBUG|http-nio-8088-exec-4|com.warehouse.dal.mapper.ext.ExtProductDOMapper.selectProductList_COUNT[137]|==>  Preparing: SELECT count(0) FROM `product` WHERE is_delete = 0
2021-11-21 16:47:36.548|DEBUG|http-nio-8088-exec-4|com.warehouse.dal.mapper.ext.ExtProductDOMapper.selectProductList_COUNT[137]|==> Parameters: 
2021-11-21 16:47:36.549|DEBUG|http-nio-8088-exec-4|com.warehouse.dal.mapper.ext.ExtProductDOMapper.selectProductList_COUNT[137]|<==      Total: 1
2021-11-21 16:47:36.550|DEBUG|http-nio-8088-exec-4|com.warehouse.dal.mapper.ext.ExtProductDOMapper.selectProductList[137]|==>  Preparing: select id, product_name, `status`, is_delete, gmt_create, gmt_modified from `product` where is_delete = 0 order by gmt_create desc LIMIT ?
2021-11-21 16:47:36.550|DEBUG|http-nio-8088-exec-4|com.warehouse.dal.mapper.ext.ExtProductDOMapper.selectProductList[137]|==> Parameters: 10(Integer)
2021-11-21 16:47:36.554|DEBUG|http-nio-8088-exec-4|com.warehouse.dal.mapper.ext.ExtProductDOMapper.selectProductList[137]|<==      Total: 10
2021-11-21 16:51:08.330|DEBUG|http-nio-8088-exec-2|com.warehouse.dal.mapper.ext.ExtProductDOMapper.selectProductList_COUNT[137]|==>  Preparing: SELECT count(0) FROM `product` WHERE is_delete = 0
2021-11-21 16:51:08.345|DEBUG|http-nio-8088-exec-2|com.warehouse.dal.mapper.ext.ExtProductDOMapper.selectProductList_COUNT[137]|==> Parameters: 
2021-11-21 16:51:08.357|DEBUG|http-nio-8088-exec-2|com.warehouse.dal.mapper.ext.ExtProductDOMapper.selectProductList_COUNT[137]|<==      Total: 1
2021-11-21 16:51:08.359|DEBUG|http-nio-8088-exec-2|com.warehouse.dal.mapper.ext.ExtProductDOMapper.selectProductList[137]|==>  Preparing: select id, product_name, `status`, is_delete, gmt_create, gmt_modified from `product` where is_delete = 0 order by gmt_create desc LIMIT ?
2021-11-21 16:51:08.360|DEBUG|http-nio-8088-exec-2|com.warehouse.dal.mapper.ext.ExtProductDOMapper.selectProductList[137]|==> Parameters: 10(Integer)
2021-11-21 16:51:08.363|DEBUG|http-nio-8088-exec-2|com.warehouse.dal.mapper.ext.ExtProductDOMapper.selectProductList[137]|<==      Total: 10
