2022-01-04 09:32:23.980|DEBUG|http-nio-8088-exec-4|com.warehouse.dal.mapper.ext.ExtInventoryRecordDOMapper.selectList_COUNT|SELECT count(0) FROM `inventory_record` WHERE is_delete = 0 AND management_type = 1
2022-01-04 09:32:23.991|DEBUG|http-nio-8088-exec-4|com.warehouse.dal.mapper.ext.ExtInventoryRecordDOMapper.selectList|select id, product_id, sku_id, management_type, remaining, quantity, unit, `comment`, is_delete, gmt_create, gmt_modified from `inventory_record` where is_delete = 0 and management_type = 1 order by gmt_create desc LIMIT 10 
2022-01-04 09:32:24.002|DEBUG|http-nio-8088-exec-4|com.warehouse.dal.mapper.ext.ExtProductDOMapper.selectByIds|select id, product_name, `status`, is_delete, gmt_create, gmt_modified from `product` where is_delete = 0 and id in ( 16 , 2 )
2022-01-04 09:32:24.011|DEBUG|http-nio-8088-exec-4|com.warehouse.dal.mapper.ext.ExtSkuDOMapper.selectByIds|select id, sku_name, cost_price, `status`, unit, is_delete, gmt_create, gmt_modified from `sku` where is_delete = 0 and id in ( 58 , 12 )
2022-01-04 09:32:25.636|DEBUG|http-nio-8088-exec-8|com.warehouse.dal.mapper.ext.ExtInventoryRecordDOMapper.selectList_COUNT|SELECT count(0) FROM `inventory_record` WHERE is_delete = 0 AND management_type = 0
2022-01-04 09:32:25.646|DEBUG|http-nio-8088-exec-8|com.warehouse.dal.mapper.ext.ExtInventoryRecordDOMapper.selectList|select id, product_id, sku_id, management_type, remaining, quantity, unit, `comment`, is_delete, gmt_create, gmt_modified from `inventory_record` where is_delete = 0 and management_type = 0 order by gmt_create desc LIMIT 10 
2022-01-04 09:32:25.654|DEBUG|http-nio-8088-exec-8|com.warehouse.dal.mapper.ext.ExtProductDOMapper.selectByIds|select id, product_name, `status`, is_delete, gmt_create, gmt_modified from `product` where is_delete = 0 and id in ( 1 , 11 , 12 , 15 )
2022-01-04 09:32:25.661|DEBUG|http-nio-8088-exec-8|com.warehouse.dal.mapper.ext.ExtSkuDOMapper.selectByIds|select id, sku_name, cost_price, `status`, unit, is_delete, gmt_create, gmt_modified from `sku` where is_delete = 0 and id in ( 49 , 1 , 53 , 54 , 57 )
2022-01-04 09:32:34.111|DEBUG|http-nio-8088-exec-9|com.warehouse.dal.mapper.ext.ExtInventoryDOMapper.selectAdminList_COUNT|SELECT count(0) FROM `inventory` WHERE is_delete = 0
2022-01-04 09:32:34.119|DEBUG|http-nio-8088-exec-9|com.warehouse.dal.mapper.ext.ExtInventoryDOMapper.selectAdminList|select id, product_id, sku_id, unit, total_remaining, out_bound_times, out_bound, in_bound_times, in_bound, is_delete, gmt_create, gmt_modified from `inventory` where is_delete = 0 LIMIT 10 
2022-01-04 09:32:34.126|DEBUG|http-nio-8088-exec-9|com.warehouse.dal.mapper.ext.ExtProductDOMapper.selectByIds|select id, product_name, `status`, is_delete, gmt_create, gmt_modified from `product` where is_delete = 0 and id in ( 16 , 1 , 2 , 11 , 12 , 15 )
2022-01-04 09:32:34.134|DEBUG|http-nio-8088-exec-9|com.warehouse.dal.mapper.ext.ExtSkuDOMapper.selectByIds|select id, sku_name, cost_price, `status`, unit, is_delete, gmt_create, gmt_modified from `sku` where is_delete = 0 and id in ( 1 , 49 , 53 , 54 , 57 , 58 , 12 )
2022-01-04 09:32:38.828|DEBUG|http-nio-8088-exec-10|com.warehouse.dal.mapper.ext.ExtProductSkuDOMapper.selectJoinProductSku_COUNT|SELECT count(0) FROM product_sku AS ps LEFT JOIN product AS p ON p.id = ps.product_id LEFT JOIN sku AS s ON s.id = ps.sku_id WHERE ps.is_delete = 0 AND p.is_delete = 0 AND s.is_delete = 0
2022-01-04 09:32:38.843|DEBUG|http-nio-8088-exec-10|com.warehouse.dal.mapper.ext.ExtProductSkuDOMapper.selectJoinProductSku|select ps.id, ps.product_id, ps.sku_id, p.product_name, s.sku_name, s.unit, ps.is_delete, ps.gmt_create, ps.gmt_modified from product_sku AS ps LEFT JOIN product AS p ON p.id = ps.product_id LEFT JOIN sku AS s ON s.id = ps.sku_id WHERE ps.is_delete = 0 AND p.is_delete = 0 AND s.is_delete = 0 ORDER BY ps.id DESC, ps.gmt_create LIMIT 500 
2022-01-04 09:33:11.483|DEBUG|http-nio-8088-exec-9|com.warehouse.dal.mapper.ext.ExtInventoryRecordDOMapper.selectList_COUNT|SELECT count(0) FROM `inventory_record` WHERE is_delete = 0 AND management_type = 0
2022-01-04 09:33:11.495|DEBUG|http-nio-8088-exec-9|com.warehouse.dal.mapper.ext.ExtInventoryRecordDOMapper.selectList|select id, product_id, sku_id, management_type, remaining, quantity, unit, `comment`, is_delete, gmt_create, gmt_modified from `inventory_record` where is_delete = 0 and management_type = 0 order by gmt_create desc LIMIT 10 
2022-01-04 09:33:11.505|DEBUG|http-nio-8088-exec-9|com.warehouse.dal.mapper.ext.ExtProductDOMapper.selectByIds|select id, product_name, `status`, is_delete, gmt_create, gmt_modified from `product` where is_delete = 0 and id in ( 1 , 11 , 12 , 15 )
2022-01-04 09:33:11.516|DEBUG|http-nio-8088-exec-9|com.warehouse.dal.mapper.ext.ExtSkuDOMapper.selectByIds|select id, sku_name, cost_price, `status`, unit, is_delete, gmt_create, gmt_modified from `sku` where is_delete = 0 and id in ( 49 , 1 , 53 , 54 , 57 )
2022-01-04 09:33:13.982|DEBUG|http-nio-8088-exec-3|com.warehouse.dal.mapper.ext.ExtProductSkuDOMapper.selectJoinProductSku_COUNT|SELECT count(0) FROM product_sku AS ps LEFT JOIN product AS p ON p.id = ps.product_id LEFT JOIN sku AS s ON s.id = ps.sku_id WHERE ps.is_delete = 0 AND p.is_delete = 0 AND s.is_delete = 0
2022-01-04 09:33:13.995|DEBUG|http-nio-8088-exec-3|com.warehouse.dal.mapper.ext.ExtProductSkuDOMapper.selectJoinProductSku|select ps.id, ps.product_id, ps.sku_id, p.product_name, s.sku_name, s.unit, ps.is_delete, ps.gmt_create, ps.gmt_modified from product_sku AS ps LEFT JOIN product AS p ON p.id = ps.product_id LEFT JOIN sku AS s ON s.id = ps.sku_id WHERE ps.is_delete = 0 AND p.is_delete = 0 AND s.is_delete = 0 ORDER BY ps.id DESC, ps.gmt_create LIMIT 500 
2022-01-04 09:35:23.452|DEBUG|http-nio-8088-exec-6|com.warehouse.dal.mapper.ext.ExtInventoryRecordDOMapper.selectList_COUNT|SELECT count(0) FROM `inventory_record` WHERE is_delete = 0 AND management_type = 1
2022-01-04 09:35:23.463|DEBUG|http-nio-8088-exec-6|com.warehouse.dal.mapper.ext.ExtInventoryRecordDOMapper.selectList|select id, product_id, sku_id, management_type, remaining, quantity, unit, `comment`, is_delete, gmt_create, gmt_modified from `inventory_record` where is_delete = 0 and management_type = 1 order by gmt_create desc LIMIT 10 
2022-01-04 09:35:23.475|DEBUG|http-nio-8088-exec-6|com.warehouse.dal.mapper.ext.ExtProductDOMapper.selectByIds|select id, product_name, `status`, is_delete, gmt_create, gmt_modified from `product` where is_delete = 0 and id in ( 16 , 2 )
2022-01-04 09:35:23.484|DEBUG|http-nio-8088-exec-6|com.warehouse.dal.mapper.ext.ExtSkuDOMapper.selectByIds|select id, sku_name, cost_price, `status`, unit, is_delete, gmt_create, gmt_modified from `sku` where is_delete = 0 and id in ( 58 , 12 )
2022-01-04 09:35:24.263|DEBUG|http-nio-8088-exec-8|com.warehouse.dal.mapper.ext.ExtInventoryDOMapper.selectAdminList_COUNT|SELECT count(0) FROM `inventory` WHERE is_delete = 0
2022-01-04 09:35:24.270|DEBUG|http-nio-8088-exec-8|com.warehouse.dal.mapper.ext.ExtInventoryDOMapper.selectAdminList|select id, product_id, sku_id, unit, total_remaining, out_bound_times, out_bound, in_bound_times, in_bound, is_delete, gmt_create, gmt_modified from `inventory` where is_delete = 0 LIMIT 10 
2022-01-04 09:35:24.277|DEBUG|http-nio-8088-exec-8|com.warehouse.dal.mapper.ext.ExtProductDOMapper.selectByIds|select id, product_name, `status`, is_delete, gmt_create, gmt_modified from `product` where is_delete = 0 and id in ( 16 , 1 , 2 , 11 , 12 , 15 )
2022-01-04 09:35:24.285|DEBUG|http-nio-8088-exec-8|com.warehouse.dal.mapper.ext.ExtSkuDOMapper.selectByIds|select id, sku_name, cost_price, `status`, unit, is_delete, gmt_create, gmt_modified from `sku` where is_delete = 0 and id in ( 1 , 49 , 53 , 54 , 57 , 58 , 12 )
2022-01-04 09:36:08.491|DEBUG|http-nio-8088-exec-9|com.warehouse.dal.mapper.ext.ExtProductDOMapper.selectByName|select id, product_name, `status`, is_delete, gmt_create, gmt_modified from `product` where is_delete = 0 and product_name like CONCAT('%', '丝接弯头', '%')
2022-01-04 09:36:08.500|DEBUG|http-nio-8088-exec-9|com.warehouse.dal.mapper.ext.ExtSkuDOMapper.selectByName|select id, sku_name, cost_price, `status`, unit, is_delete, gmt_create, gmt_modified from `sku` where is_delete = 0 and sku_name like CONCAT('%', 'DN15', '%')
2022-01-04 09:36:08.528|DEBUG|http-nio-8088-exec-9|com.warehouse.dal.mapper.ext.ExtInventoryRecordDOMapper.selectList_COUNT|SELECT count(0) FROM `inventory_record` WHERE is_delete = 0 AND product_id IN (1) AND sku_id IN (1, 52, 56, 57) AND management_type = 1
2022-01-04 09:36:15.013|DEBUG|http-nio-8088-exec-10|com.warehouse.dal.mapper.ext.ExtProductSkuDOMapper.selectJoinProductSku_COUNT|SELECT count(0) FROM product_sku AS ps LEFT JOIN product AS p ON p.id = ps.product_id LEFT JOIN sku AS s ON s.id = ps.sku_id WHERE ps.is_delete = 0 AND p.is_delete = 0 AND s.is_delete = 0
2022-01-04 09:36:15.026|DEBUG|http-nio-8088-exec-10|com.warehouse.dal.mapper.ext.ExtProductSkuDOMapper.selectJoinProductSku|select ps.id, ps.product_id, ps.sku_id, p.product_name, s.sku_name, s.unit, ps.is_delete, ps.gmt_create, ps.gmt_modified from product_sku AS ps LEFT JOIN product AS p ON p.id = ps.product_id LEFT JOIN sku AS s ON s.id = ps.sku_id WHERE ps.is_delete = 0 AND p.is_delete = 0 AND s.is_delete = 0 ORDER BY ps.id DESC, ps.gmt_create LIMIT 500 
2022-01-04 09:36:20.763|DEBUG|http-nio-8088-exec-4|com.warehouse.dal.mapper.ext.ExtInventoryRecordDOMapper.selectList_COUNT|SELECT count(0) FROM `inventory_record` WHERE is_delete = 0 AND management_type = 0
2022-01-04 09:36:20.772|DEBUG|http-nio-8088-exec-4|com.warehouse.dal.mapper.ext.ExtInventoryRecordDOMapper.selectList|select id, product_id, sku_id, management_type, remaining, quantity, unit, `comment`, is_delete, gmt_create, gmt_modified from `inventory_record` where is_delete = 0 and management_type = 0 order by gmt_create desc LIMIT 10 
2022-01-04 09:36:20.780|DEBUG|http-nio-8088-exec-4|com.warehouse.dal.mapper.ext.ExtProductDOMapper.selectByIds|select id, product_name, `status`, is_delete, gmt_create, gmt_modified from `product` where is_delete = 0 and id in ( 1 , 11 , 12 , 15 )
2022-01-04 09:36:20.787|DEBUG|http-nio-8088-exec-4|com.warehouse.dal.mapper.ext.ExtSkuDOMapper.selectByIds|select id, sku_name, cost_price, `status`, unit, is_delete, gmt_create, gmt_modified from `sku` where is_delete = 0 and id in ( 49 , 1 , 53 , 54 , 57 )
2022-01-04 09:36:21.615|DEBUG|http-nio-8088-exec-1|com.warehouse.dal.mapper.ext.ExtInventoryRecordDOMapper.selectList_COUNT|SELECT count(0) FROM `inventory_record` WHERE is_delete = 0 AND management_type = 1
2022-01-04 09:36:21.624|DEBUG|http-nio-8088-exec-1|com.warehouse.dal.mapper.ext.ExtInventoryRecordDOMapper.selectList|select id, product_id, sku_id, management_type, remaining, quantity, unit, `comment`, is_delete, gmt_create, gmt_modified from `inventory_record` where is_delete = 0 and management_type = 1 order by gmt_create desc LIMIT 10 
2022-01-04 09:36:21.631|DEBUG|http-nio-8088-exec-1|com.warehouse.dal.mapper.ext.ExtProductDOMapper.selectByIds|select id, product_name, `status`, is_delete, gmt_create, gmt_modified from `product` where is_delete = 0 and id in ( 16 , 2 )
2022-01-04 09:36:21.639|DEBUG|http-nio-8088-exec-1|com.warehouse.dal.mapper.ext.ExtSkuDOMapper.selectByIds|select id, sku_name, cost_price, `status`, unit, is_delete, gmt_create, gmt_modified from `sku` where is_delete = 0 and id in ( 58 , 12 )
2022-01-04 09:36:24.098|DEBUG|http-nio-8088-exec-3|com.warehouse.dal.mapper.ext.ExtProductDOMapper.selectByName|select id, product_name, `status`, is_delete, gmt_create, gmt_modified from `product` where is_delete = 0 and product_name like CONCAT('%', '丝接弯头', '%')
2022-01-04 09:36:24.105|DEBUG|http-nio-8088-exec-3|com.warehouse.dal.mapper.ext.ExtSkuDOMapper.selectByName|select id, sku_name, cost_price, `status`, unit, is_delete, gmt_create, gmt_modified from `sku` where is_delete = 0 and sku_name like CONCAT('%', 'DN15', '%')
2022-01-04 09:36:24.113|DEBUG|http-nio-8088-exec-3|com.warehouse.dal.mapper.ext.ExtInventoryRecordDOMapper.selectList_COUNT|SELECT count(0) FROM `inventory_record` WHERE is_delete = 0 AND product_id IN (1) AND sku_id IN (1, 52, 56, 57) AND management_type = 0
2022-01-04 09:36:24.124|DEBUG|http-nio-8088-exec-3|com.warehouse.dal.mapper.ext.ExtInventoryRecordDOMapper.selectList|select id, product_id, sku_id, management_type, remaining, quantity, unit, `comment`, is_delete, gmt_create, gmt_modified from `inventory_record` where is_delete = 0 and product_id in ( 1 ) and sku_id in ( 1 , 52 , 56 , 57 ) and management_type = 0 order by gmt_create desc LIMIT 10 
2022-01-04 09:36:24.131|DEBUG|http-nio-8088-exec-3|com.warehouse.dal.mapper.ext.ExtProductDOMapper.selectByIds|select id, product_name, `status`, is_delete, gmt_create, gmt_modified from `product` where is_delete = 0 and id in ( 1 )
2022-01-04 09:36:24.140|DEBUG|http-nio-8088-exec-3|com.warehouse.dal.mapper.ext.ExtSkuDOMapper.selectByIds|select id, sku_name, cost_price, `status`, unit, is_delete, gmt_create, gmt_modified from `sku` where is_delete = 0 and id in ( 1 )
2022-01-04 09:37:30.365|DEBUG|http-nio-8088-exec-2|com.warehouse.dal.mapper.ext.ExtProductSkuDOMapper.selectJoinProductSku_COUNT|SELECT count(0) FROM product_sku AS ps LEFT JOIN product AS p ON p.id = ps.product_id LEFT JOIN sku AS s ON s.id = ps.sku_id WHERE ps.is_delete = 0 AND p.is_delete = 0 AND s.is_delete = 0
2022-01-04 09:37:30.375|DEBUG|http-nio-8088-exec-2|com.warehouse.dal.mapper.ext.ExtProductSkuDOMapper.selectJoinProductSku|select ps.id, ps.product_id, ps.sku_id, p.product_name, s.sku_name, s.unit, ps.is_delete, ps.gmt_create, ps.gmt_modified from product_sku AS ps LEFT JOIN product AS p ON p.id = ps.product_id LEFT JOIN sku AS s ON s.id = ps.sku_id WHERE ps.is_delete = 0 AND p.is_delete = 0 AND s.is_delete = 0 ORDER BY ps.id DESC, ps.gmt_create LIMIT 500 
2022-01-04 09:42:44.865|DEBUG|http-nio-8088-exec-6|com.warehouse.dal.mapper.ext.ExtInventoryDOMapper.selectAdminList_COUNT|SELECT count(0) FROM `inventory` WHERE is_delete = 0
2022-01-04 09:42:44.877|DEBUG|http-nio-8088-exec-6|com.warehouse.dal.mapper.ext.ExtInventoryDOMapper.selectAdminList|select id, product_id, sku_id, unit, total_remaining, out_bound_times, out_bound, in_bound_times, in_bound, is_delete, gmt_create, gmt_modified from `inventory` where is_delete = 0 LIMIT 10 
2022-01-04 09:42:44.892|DEBUG|http-nio-8088-exec-6|com.warehouse.dal.mapper.ext.ExtProductDOMapper.selectByIds|select id, product_name, `status`, is_delete, gmt_create, gmt_modified from `product` where is_delete = 0 and id in ( 16 , 1 , 2 , 11 , 12 , 15 )
2022-01-04 09:42:44.908|DEBUG|http-nio-8088-exec-6|com.warehouse.dal.mapper.ext.ExtSkuDOMapper.selectByIds|select id, sku_name, cost_price, `status`, unit, is_delete, gmt_create, gmt_modified from `sku` where is_delete = 0 and id in ( 1 , 49 , 53 , 54 , 57 , 58 , 12 )
2022-01-04 09:42:46.485|DEBUG|http-nio-8088-exec-9|com.warehouse.dal.mapper.ext.ExtInventoryRecordDOMapper.selectList_COUNT|SELECT count(0) FROM `inventory_record` WHERE is_delete = 0 AND management_type = 0
2022-01-04 09:42:46.495|DEBUG|http-nio-8088-exec-9|com.warehouse.dal.mapper.ext.ExtInventoryRecordDOMapper.selectList|select id, product_id, sku_id, management_type, remaining, quantity, unit, `comment`, is_delete, gmt_create, gmt_modified from `inventory_record` where is_delete = 0 and management_type = 0 order by gmt_create desc LIMIT 10 
2022-01-04 09:42:46.504|DEBUG|http-nio-8088-exec-9|com.warehouse.dal.mapper.ext.ExtProductDOMapper.selectByIds|select id, product_name, `status`, is_delete, gmt_create, gmt_modified from `product` where is_delete = 0 and id in ( 1 , 11 , 12 , 15 )
2022-01-04 09:42:46.512|DEBUG|http-nio-8088-exec-9|com.warehouse.dal.mapper.ext.ExtSkuDOMapper.selectByIds|select id, sku_name, cost_price, `status`, unit, is_delete, gmt_create, gmt_modified from `sku` where is_delete = 0 and id in ( 49 , 1 , 53 , 54 , 57 )
2022-01-04 09:42:47.786|DEBUG|http-nio-8088-exec-10|com.warehouse.dal.mapper.ext.ExtProductSkuDOMapper.selectJoinProductSku_COUNT|SELECT count(0) FROM product_sku AS ps LEFT JOIN product AS p ON p.id = ps.product_id LEFT JOIN sku AS s ON s.id = ps.sku_id WHERE ps.is_delete = 0 AND p.is_delete = 0 AND s.is_delete = 0
2022-01-04 09:42:47.801|DEBUG|http-nio-8088-exec-10|com.warehouse.dal.mapper.ext.ExtProductSkuDOMapper.selectJoinProductSku|select ps.id, ps.product_id, ps.sku_id, p.product_name, s.sku_name, s.unit, ps.is_delete, ps.gmt_create, ps.gmt_modified from product_sku AS ps LEFT JOIN product AS p ON p.id = ps.product_id LEFT JOIN sku AS s ON s.id = ps.sku_id WHERE ps.is_delete = 0 AND p.is_delete = 0 AND s.is_delete = 0 ORDER BY ps.id DESC, ps.gmt_create LIMIT 500 
2022-01-04 09:44:43.508|DEBUG|http-nio-8088-exec-7|com.warehouse.dal.mapper.ext.ExtInventoryRecordDOMapper.selectList_COUNT|SELECT count(0) FROM `inventory_record` WHERE is_delete = 0 AND management_type = 1
2022-01-04 09:44:43.515|DEBUG|http-nio-8088-exec-7|com.warehouse.dal.mapper.ext.ExtInventoryRecordDOMapper.selectList|select id, product_id, sku_id, management_type, remaining, quantity, unit, `comment`, is_delete, gmt_create, gmt_modified from `inventory_record` where is_delete = 0 and management_type = 1 order by gmt_create desc LIMIT 10 
2022-01-04 09:44:43.524|DEBUG|http-nio-8088-exec-7|com.warehouse.dal.mapper.ext.ExtProductDOMapper.selectByIds|select id, product_name, `status`, is_delete, gmt_create, gmt_modified from `product` where is_delete = 0 and id in ( 16 , 2 )
2022-01-04 09:44:43.532|DEBUG|http-nio-8088-exec-7|com.warehouse.dal.mapper.ext.ExtSkuDOMapper.selectByIds|select id, sku_name, cost_price, `status`, unit, is_delete, gmt_create, gmt_modified from `sku` where is_delete = 0 and id in ( 58 , 12 )
2022-01-04 09:44:44.232|DEBUG|http-nio-8088-exec-8|com.warehouse.dal.mapper.ext.ExtInventoryDOMapper.selectAdminList_COUNT|SELECT count(0) FROM `inventory` WHERE is_delete = 0
2022-01-04 09:44:44.243|DEBUG|http-nio-8088-exec-8|com.warehouse.dal.mapper.ext.ExtInventoryDOMapper.selectAdminList|select id, product_id, sku_id, unit, total_remaining, out_bound_times, out_bound, in_bound_times, in_bound, is_delete, gmt_create, gmt_modified from `inventory` where is_delete = 0 LIMIT 10 
2022-01-04 09:44:44.257|DEBUG|http-nio-8088-exec-8|com.warehouse.dal.mapper.ext.ExtProductDOMapper.selectByIds|select id, product_name, `status`, is_delete, gmt_create, gmt_modified from `product` where is_delete = 0 and id in ( 16 , 1 , 2 , 11 , 12 , 15 )
2022-01-04 09:44:44.270|DEBUG|http-nio-8088-exec-8|com.warehouse.dal.mapper.ext.ExtSkuDOMapper.selectByIds|select id, sku_name, cost_price, `status`, unit, is_delete, gmt_create, gmt_modified from `sku` where is_delete = 0 and id in ( 1 , 49 , 53 , 54 , 57 , 58 , 12 )
2022-01-04 09:44:46.872|DEBUG|http-nio-8088-exec-4|com.warehouse.dal.mapper.ext.ExtProductDOMapper.selectByName|select id, product_name, `status`, is_delete, gmt_create, gmt_modified from `product` where is_delete = 0 and product_name like CONCAT('%', '丝接弯头', '%')
2022-01-04 09:44:46.881|DEBUG|http-nio-8088-exec-4|com.warehouse.dal.mapper.ext.ExtSkuDOMapper.selectByName|select id, sku_name, cost_price, `status`, unit, is_delete, gmt_create, gmt_modified from `sku` where is_delete = 0 and sku_name like CONCAT('%', 'DN15', '%')
2022-01-04 09:44:46.901|DEBUG|http-nio-8088-exec-4|com.warehouse.dal.mapper.ext.ExtInventoryRecordDOMapper.selectList_COUNT|SELECT count(0) FROM `inventory_record` WHERE is_delete = 0 AND product_id IN (1) AND sku_id IN (1, 52, 56, 57) AND management_type = 1
2022-01-04 09:44:48.700|DEBUG|http-nio-8088-exec-6|com.warehouse.dal.mapper.ext.ExtProductSkuDOMapper.selectJoinProductSku_COUNT|SELECT count(0) FROM product_sku AS ps LEFT JOIN product AS p ON p.id = ps.product_id LEFT JOIN sku AS s ON s.id = ps.sku_id WHERE ps.is_delete = 0 AND p.is_delete = 0 AND s.is_delete = 0
2022-01-04 09:44:48.714|DEBUG|http-nio-8088-exec-6|com.warehouse.dal.mapper.ext.ExtProductSkuDOMapper.selectJoinProductSku|select ps.id, ps.product_id, ps.sku_id, p.product_name, s.sku_name, s.unit, ps.is_delete, ps.gmt_create, ps.gmt_modified from product_sku AS ps LEFT JOIN product AS p ON p.id = ps.product_id LEFT JOIN sku AS s ON s.id = ps.sku_id WHERE ps.is_delete = 0 AND p.is_delete = 0 AND s.is_delete = 0 ORDER BY ps.id DESC, ps.gmt_create LIMIT 500 
2022-01-04 09:45:24.112|DEBUG|http-nio-8088-exec-9|com.warehouse.dal.mapper.ext.ExtInventoryDOMapper.selectAdminList_COUNT|SELECT count(0) FROM `inventory` WHERE is_delete = 0
2022-01-04 09:45:24.140|DEBUG|http-nio-8088-exec-9|com.warehouse.dal.mapper.ext.ExtInventoryDOMapper.selectAdminList|select id, product_id, sku_id, unit, total_remaining, out_bound_times, out_bound, in_bound_times, in_bound, is_delete, gmt_create, gmt_modified from `inventory` where is_delete = 0 LIMIT 10 
2022-01-04 09:45:24.149|DEBUG|http-nio-8088-exec-9|com.warehouse.dal.mapper.ext.ExtProductDOMapper.selectByIds|select id, product_name, `status`, is_delete, gmt_create, gmt_modified from `product` where is_delete = 0 and id in ( 16 , 1 , 2 , 11 , 12 , 15 )
2022-01-04 09:45:24.158|DEBUG|http-nio-8088-exec-9|com.warehouse.dal.mapper.ext.ExtSkuDOMapper.selectByIds|select id, sku_name, cost_price, `status`, unit, is_delete, gmt_create, gmt_modified from `sku` where is_delete = 0 and id in ( 1 , 49 , 53 , 54 , 57 , 58 , 12 )
2022-01-04 09:45:44.780|DEBUG|http-nio-8088-exec-10|com.warehouse.dal.mapper.ext.ExtInventoryDOMapper.selectBySku|select id, product_id, sku_id, unit, total_remaining, out_bound_times, out_bound, in_bound_times, in_bound, is_delete, gmt_create, gmt_modified from `inventory` where is_delete = 0 and product_id = 1 and sku_id = 1
2022-01-04 09:45:44.803|DEBUG|http-nio-8088-exec-10|com.warehouse.dal.mapper.InventoryRecordDOMapper.insertSelective!selectKey|SELECT LAST_INSERT_ID()
2022-01-04 09:45:44.803|DEBUG|http-nio-8088-exec-10|com.warehouse.dal.mapper.InventoryRecordDOMapper.insertSelective|insert into `inventory_record` ( product_id, sku_id, management_type, remaining, quantity, unit, `comment` ) values ( 1, 1, 1, 200, 50, '个', '出库1' )
2022-01-04 09:45:44.813|DEBUG|http-nio-8088-exec-10|com.warehouse.dal.mapper.ext.ExtInventoryDOMapper.selectBySku|select id, product_id, sku_id, unit, total_remaining, out_bound_times, out_bound, in_bound_times, in_bound, is_delete, gmt_create, gmt_modified from `inventory` where is_delete = 0 and product_id = 1 and sku_id = 1
2022-01-04 09:45:44.830|DEBUG|http-nio-8088-exec-10|com.warehouse.dal.mapper.ext.ExtInventoryDOMapper.updateInventory|update `inventory` SET total_remaining = 150, out_bound_times = 1, out_bound = 50 where is_delete = 0 and product_id = 1 and sku_id = 1
2022-01-04 09:45:44.871|DEBUG|http-nio-8088-exec-1|com.warehouse.dal.mapper.ext.ExtProductDOMapper.selectByName|select id, product_name, `status`, is_delete, gmt_create, gmt_modified from `product` where is_delete = 0 and product_name like CONCAT('%', '丝接弯头', '%')
2022-01-04 09:45:44.877|DEBUG|http-nio-8088-exec-1|com.warehouse.dal.mapper.ext.ExtSkuDOMapper.selectByName|select id, sku_name, cost_price, `status`, unit, is_delete, gmt_create, gmt_modified from `sku` where is_delete = 0 and sku_name like CONCAT('%', 'DN15', '%')
2022-01-04 09:45:44.885|DEBUG|http-nio-8088-exec-1|com.warehouse.dal.mapper.ext.ExtInventoryRecordDOMapper.selectList_COUNT|SELECT count(0) FROM `inventory_record` WHERE is_delete = 0 AND product_id IN (1) AND sku_id IN (1, 52, 56, 57) AND management_type = 1
2022-01-04 09:45:44.907|DEBUG|http-nio-8088-exec-1|com.warehouse.dal.mapper.ext.ExtInventoryRecordDOMapper.selectList|select id, product_id, sku_id, management_type, remaining, quantity, unit, `comment`, is_delete, gmt_create, gmt_modified from `inventory_record` where is_delete = 0 and product_id in ( 1 ) and sku_id in ( 1 , 52 , 56 , 57 ) and management_type = 1 order by gmt_create desc LIMIT 10 
2022-01-04 09:45:44.921|DEBUG|http-nio-8088-exec-1|com.warehouse.dal.mapper.ext.ExtProductDOMapper.selectByIds|select id, product_name, `status`, is_delete, gmt_create, gmt_modified from `product` where is_delete = 0 and id in ( 1 )
2022-01-04 09:45:44.935|DEBUG|http-nio-8088-exec-1|com.warehouse.dal.mapper.ext.ExtSkuDOMapper.selectByIds|select id, sku_name, cost_price, `status`, unit, is_delete, gmt_create, gmt_modified from `sku` where is_delete = 0 and id in ( 1 )
2022-01-04 09:45:50.742|DEBUG|http-nio-8088-exec-2|com.warehouse.dal.mapper.ext.ExtInventoryRecordDOMapper.selectList_COUNT|SELECT count(0) FROM `inventory_record` WHERE is_delete = 0 AND management_type = 1
2022-01-04 09:45:50.751|DEBUG|http-nio-8088-exec-2|com.warehouse.dal.mapper.ext.ExtInventoryRecordDOMapper.selectList|select id, product_id, sku_id, management_type, remaining, quantity, unit, `comment`, is_delete, gmt_create, gmt_modified from `inventory_record` where is_delete = 0 and management_type = 1 order by gmt_create desc LIMIT 10 
2022-01-04 09:45:50.758|DEBUG|http-nio-8088-exec-2|com.warehouse.dal.mapper.ext.ExtProductDOMapper.selectByIds|select id, product_name, `status`, is_delete, gmt_create, gmt_modified from `product` where is_delete = 0 and id in ( 16 , 1 , 2 )
2022-01-04 09:45:50.767|DEBUG|http-nio-8088-exec-2|com.warehouse.dal.mapper.ext.ExtSkuDOMapper.selectByIds|select id, sku_name, cost_price, `status`, unit, is_delete, gmt_create, gmt_modified from `sku` where is_delete = 0 and id in ( 1 , 58 , 12 )
2022-01-04 09:45:58.948|DEBUG|http-nio-8088-exec-4|com.warehouse.dal.mapper.ext.ExtInventoryDOMapper.selectAdminList_COUNT|SELECT count(0) FROM `inventory` WHERE is_delete = 0
2022-01-04 09:45:58.955|DEBUG|http-nio-8088-exec-4|com.warehouse.dal.mapper.ext.ExtInventoryDOMapper.selectAdminList|select id, product_id, sku_id, unit, total_remaining, out_bound_times, out_bound, in_bound_times, in_bound, is_delete, gmt_create, gmt_modified from `inventory` where is_delete = 0 LIMIT 10 
2022-01-04 09:45:58.962|DEBUG|http-nio-8088-exec-4|com.warehouse.dal.mapper.ext.ExtProductDOMapper.selectByIds|select id, product_name, `status`, is_delete, gmt_create, gmt_modified from `product` where is_delete = 0 and id in ( 16 , 1 , 2 , 11 , 12 , 15 )
2022-01-04 09:45:58.971|DEBUG|http-nio-8088-exec-4|com.warehouse.dal.mapper.ext.ExtSkuDOMapper.selectByIds|select id, sku_name, cost_price, `status`, unit, is_delete, gmt_create, gmt_modified from `sku` where is_delete = 0 and id in ( 1 , 49 , 53 , 54 , 57 , 58 , 12 )
2022-01-04 09:46:00.939|DEBUG|http-nio-8088-exec-10|com.warehouse.dal.mapper.ext.ExtInventoryRecordDOMapper.selectList_COUNT|SELECT count(0) FROM `inventory_record` WHERE is_delete = 0 AND management_type = 1
2022-01-04 09:46:00.947|DEBUG|http-nio-8088-exec-10|com.warehouse.dal.mapper.ext.ExtInventoryRecordDOMapper.selectList|select id, product_id, sku_id, management_type, remaining, quantity, unit, `comment`, is_delete, gmt_create, gmt_modified from `inventory_record` where is_delete = 0 and management_type = 1 order by gmt_create desc LIMIT 10 
2022-01-04 09:46:00.954|DEBUG|http-nio-8088-exec-10|com.warehouse.dal.mapper.ext.ExtProductDOMapper.selectByIds|select id, product_name, `status`, is_delete, gmt_create, gmt_modified from `product` where is_delete = 0 and id in ( 16 , 1 , 2 )
2022-01-04 09:46:00.962|DEBUG|http-nio-8088-exec-10|com.warehouse.dal.mapper.ext.ExtSkuDOMapper.selectByIds|select id, sku_name, cost_price, `status`, unit, is_delete, gmt_create, gmt_modified from `sku` where is_delete = 0 and id in ( 1 , 58 , 12 )
2022-01-04 09:46:01.682|DEBUG|http-nio-8088-exec-1|com.warehouse.dal.mapper.ext.ExtInventoryRecordDOMapper.selectList_COUNT|SELECT count(0) FROM `inventory_record` WHERE is_delete = 0 AND management_type = 0
2022-01-04 09:46:01.692|DEBUG|http-nio-8088-exec-1|com.warehouse.dal.mapper.ext.ExtInventoryRecordDOMapper.selectList|select id, product_id, sku_id, management_type, remaining, quantity, unit, `comment`, is_delete, gmt_create, gmt_modified from `inventory_record` where is_delete = 0 and management_type = 0 order by gmt_create desc LIMIT 10 
2022-01-04 09:46:01.698|DEBUG|http-nio-8088-exec-1|com.warehouse.dal.mapper.ext.ExtProductDOMapper.selectByIds|select id, product_name, `status`, is_delete, gmt_create, gmt_modified from `product` where is_delete = 0 and id in ( 1 , 11 , 12 , 15 )
2022-01-04 09:46:01.708|DEBUG|http-nio-8088-exec-1|com.warehouse.dal.mapper.ext.ExtSkuDOMapper.selectByIds|select id, sku_name, cost_price, `status`, unit, is_delete, gmt_create, gmt_modified from `sku` where is_delete = 0 and id in ( 49 , 1 , 53 , 54 , 57 )
2022-01-04 09:46:17.660|DEBUG|http-nio-8088-exec-2|com.warehouse.dal.mapper.ext.ExtProductDOMapper.selectByName|select id, product_name, `status`, is_delete, gmt_create, gmt_modified from `product` where is_delete = 0 and product_name like CONCAT('%', '丝接弯头', '%')
2022-01-04 09:46:17.666|DEBUG|http-nio-8088-exec-2|com.warehouse.dal.mapper.ext.ExtSkuDOMapper.selectByName|select id, sku_name, cost_price, `status`, unit, is_delete, gmt_create, gmt_modified from `sku` where is_delete = 0 and sku_name like CONCAT('%', 'DN15', '%')
2022-01-04 09:46:17.674|DEBUG|http-nio-8088-exec-2|com.warehouse.dal.mapper.ext.ExtInventoryRecordDOMapper.selectList_COUNT|SELECT count(0) FROM `inventory_record` WHERE is_delete = 0 AND product_id IN (1) AND sku_id IN (1, 52, 56, 57) AND management_type = 1
2022-01-04 09:46:17.679|DEBUG|http-nio-8088-exec-2|com.warehouse.dal.mapper.ext.ExtInventoryRecordDOMapper.selectList|select id, product_id, sku_id, management_type, remaining, quantity, unit, `comment`, is_delete, gmt_create, gmt_modified from `inventory_record` where is_delete = 0 and product_id in ( 1 ) and sku_id in ( 1 , 52 , 56 , 57 ) and management_type = 1 order by gmt_create desc LIMIT 10 
2022-01-04 09:46:17.685|DEBUG|http-nio-8088-exec-2|com.warehouse.dal.mapper.ext.ExtProductDOMapper.selectByIds|select id, product_name, `status`, is_delete, gmt_create, gmt_modified from `product` where is_delete = 0 and id in ( 1 )
2022-01-04 09:46:17.693|DEBUG|http-nio-8088-exec-2|com.warehouse.dal.mapper.ext.ExtSkuDOMapper.selectByIds|select id, sku_name, cost_price, `status`, unit, is_delete, gmt_create, gmt_modified from `sku` where is_delete = 0 and id in ( 1 )
2022-01-04 09:46:40.054|DEBUG|http-nio-8088-exec-3|com.warehouse.dal.mapper.ext.ExtProductDOMapper.selectByName|select id, product_name, `status`, is_delete, gmt_create, gmt_modified from `product` where is_delete = 0 and product_name like CONCAT('%', '消火栓头', '%')
2022-01-04 09:46:40.059|DEBUG|http-nio-8088-exec-3|com.warehouse.dal.mapper.ext.ExtSkuDOMapper.selectByName|select id, sku_name, cost_price, `status`, unit, is_delete, gmt_create, gmt_modified from `sku` where is_delete = 0 and sku_name like CONCAT('%', 'DN65-普通栓', '%')
2022-01-04 09:46:40.067|DEBUG|http-nio-8088-exec-3|com.warehouse.dal.mapper.ext.ExtInventoryRecordDOMapper.selectList_COUNT|SELECT count(0) FROM `inventory_record` WHERE is_delete = 0 AND product_id IN (12) AND sku_id IN (53) AND management_type = 1
2022-01-04 09:46:41.888|DEBUG|http-nio-8088-exec-7|com.warehouse.dal.mapper.ext.ExtProductSkuDOMapper.selectJoinProductSku_COUNT|SELECT count(0) FROM product_sku AS ps LEFT JOIN product AS p ON p.id = ps.product_id LEFT JOIN sku AS s ON s.id = ps.sku_id WHERE ps.is_delete = 0 AND p.is_delete = 0 AND s.is_delete = 0
2022-01-04 09:46:41.897|DEBUG|http-nio-8088-exec-7|com.warehouse.dal.mapper.ext.ExtProductSkuDOMapper.selectJoinProductSku|select ps.id, ps.product_id, ps.sku_id, p.product_name, s.sku_name, s.unit, ps.is_delete, ps.gmt_create, ps.gmt_modified from product_sku AS ps LEFT JOIN product AS p ON p.id = ps.product_id LEFT JOIN sku AS s ON s.id = ps.sku_id WHERE ps.is_delete = 0 AND p.is_delete = 0 AND s.is_delete = 0 ORDER BY ps.id DESC, ps.gmt_create LIMIT 500 
2022-01-04 09:47:02.253|DEBUG|http-nio-8088-exec-4|com.warehouse.dal.mapper.ext.ExtInventoryDOMapper.selectBySku|select id, product_id, sku_id, unit, total_remaining, out_bound_times, out_bound, in_bound_times, in_bound, is_delete, gmt_create, gmt_modified from `inventory` where is_delete = 0 and product_id = 12 and sku_id = 53
2022-01-04 09:47:02.276|DEBUG|http-nio-8088-exec-4|com.warehouse.dal.mapper.InventoryRecordDOMapper.insertSelective!selectKey|SELECT LAST_INSERT_ID()
2022-01-04 09:47:02.277|DEBUG|http-nio-8088-exec-4|com.warehouse.dal.mapper.InventoryRecordDOMapper.insertSelective|insert into `inventory_record` ( product_id, sku_id, management_type, remaining, quantity, unit, `comment` ) values ( 12, 53, 1, 123123, 10000, '个', '123123' )
2022-01-04 09:47:02.282|DEBUG|http-nio-8088-exec-4|com.warehouse.dal.mapper.ext.ExtInventoryDOMapper.selectBySku|select id, product_id, sku_id, unit, total_remaining, out_bound_times, out_bound, in_bound_times, in_bound, is_delete, gmt_create, gmt_modified from `inventory` where is_delete = 0 and product_id = 12 and sku_id = 53
2022-01-04 09:47:02.292|DEBUG|http-nio-8088-exec-4|com.warehouse.dal.mapper.ext.ExtInventoryDOMapper.updateInventory|update `inventory` SET total_remaining = 113123, out_bound_times = 1, out_bound = 10000 where is_delete = 0 and product_id = 12 and sku_id = 53
2022-01-04 09:47:02.328|DEBUG|http-nio-8088-exec-6|com.warehouse.dal.mapper.ext.ExtProductDOMapper.selectByName|select id, product_name, `status`, is_delete, gmt_create, gmt_modified from `product` where is_delete = 0 and product_name like CONCAT('%', '消火栓头', '%')
2022-01-04 09:47:02.342|DEBUG|http-nio-8088-exec-6|com.warehouse.dal.mapper.ext.ExtSkuDOMapper.selectByName|select id, sku_name, cost_price, `status`, unit, is_delete, gmt_create, gmt_modified from `sku` where is_delete = 0 and sku_name like CONCAT('%', 'DN65-普通栓', '%')
2022-01-04 09:47:02.349|DEBUG|http-nio-8088-exec-6|com.warehouse.dal.mapper.ext.ExtInventoryRecordDOMapper.selectList_COUNT|SELECT count(0) FROM `inventory_record` WHERE is_delete = 0 AND product_id IN (12) AND sku_id IN (53) AND management_type = 1
2022-01-04 09:47:02.355|DEBUG|http-nio-8088-exec-6|com.warehouse.dal.mapper.ext.ExtInventoryRecordDOMapper.selectList|select id, product_id, sku_id, management_type, remaining, quantity, unit, `comment`, is_delete, gmt_create, gmt_modified from `inventory_record` where is_delete = 0 and product_id in ( 12 ) and sku_id in ( 53 ) and management_type = 1 order by gmt_create desc LIMIT 10 
2022-01-04 09:47:02.361|DEBUG|http-nio-8088-exec-6|com.warehouse.dal.mapper.ext.ExtProductDOMapper.selectByIds|select id, product_name, `status`, is_delete, gmt_create, gmt_modified from `product` where is_delete = 0 and id in ( 12 )
2022-01-04 09:47:02.367|DEBUG|http-nio-8088-exec-6|com.warehouse.dal.mapper.ext.ExtSkuDOMapper.selectByIds|select id, sku_name, cost_price, `status`, unit, is_delete, gmt_create, gmt_modified from `sku` where is_delete = 0 and id in ( 53 )
2022-01-04 09:47:07.695|DEBUG|http-nio-8088-exec-3|com.warehouse.dal.mapper.ext.ExtInventoryDOMapper.selectAdminList_COUNT|SELECT count(0) FROM `inventory` WHERE is_delete = 0
2022-01-04 09:47:07.700|DEBUG|http-nio-8088-exec-3|com.warehouse.dal.mapper.ext.ExtInventoryDOMapper.selectAdminList|select id, product_id, sku_id, unit, total_remaining, out_bound_times, out_bound, in_bound_times, in_bound, is_delete, gmt_create, gmt_modified from `inventory` where is_delete = 0 LIMIT 10 
2022-01-04 09:47:07.706|DEBUG|http-nio-8088-exec-3|com.warehouse.dal.mapper.ext.ExtProductDOMapper.selectByIds|select id, product_name, `status`, is_delete, gmt_create, gmt_modified from `product` where is_delete = 0 and id in ( 16 , 1 , 2 , 11 , 12 , 15 )
2022-01-04 09:47:07.713|DEBUG|http-nio-8088-exec-3|com.warehouse.dal.mapper.ext.ExtSkuDOMapper.selectByIds|select id, sku_name, cost_price, `status`, unit, is_delete, gmt_create, gmt_modified from `sku` where is_delete = 0 and id in ( 1 , 49 , 53 , 54 , 57 , 58 , 12 )
2022-01-04 09:47:10.677|DEBUG|http-nio-8088-exec-8|com.warehouse.dal.mapper.ext.ExtProductDOMapper.selectByName|select id, product_name, `status`, is_delete, gmt_create, gmt_modified from `product` where is_delete = 0 and product_name like CONCAT('%', '消火栓头', '%')
2022-01-04 09:47:10.700|DEBUG|http-nio-8088-exec-8|com.warehouse.dal.mapper.ext.ExtSkuDOMapper.selectByName|select id, sku_name, cost_price, `status`, unit, is_delete, gmt_create, gmt_modified from `sku` where is_delete = 0 and sku_name like CONCAT('%', 'DN65-普通栓', '%')
2022-01-04 09:47:10.708|DEBUG|http-nio-8088-exec-8|com.warehouse.dal.mapper.ext.ExtInventoryRecordDOMapper.selectList_COUNT|SELECT count(0) FROM `inventory_record` WHERE is_delete = 0 AND product_id IN (12) AND sku_id IN (53) AND management_type = 1
2022-01-04 09:47:10.714|DEBUG|http-nio-8088-exec-8|com.warehouse.dal.mapper.ext.ExtInventoryRecordDOMapper.selectList|select id, product_id, sku_id, management_type, remaining, quantity, unit, `comment`, is_delete, gmt_create, gmt_modified from `inventory_record` where is_delete = 0 and product_id in ( 12 ) and sku_id in ( 53 ) and management_type = 1 order by gmt_create desc LIMIT 10 
2022-01-04 09:47:10.722|DEBUG|http-nio-8088-exec-8|com.warehouse.dal.mapper.ext.ExtProductDOMapper.selectByIds|select id, product_name, `status`, is_delete, gmt_create, gmt_modified from `product` where is_delete = 0 and id in ( 12 )
2022-01-04 09:47:10.729|DEBUG|http-nio-8088-exec-8|com.warehouse.dal.mapper.ext.ExtSkuDOMapper.selectByIds|select id, sku_name, cost_price, `status`, unit, is_delete, gmt_create, gmt_modified from `sku` where is_delete = 0 and id in ( 53 )
2022-01-04 09:47:15.235|DEBUG|http-nio-8088-exec-4|com.warehouse.dal.mapper.ext.ExtInventoryRecordDOMapper.selectList_COUNT|SELECT count(0) FROM `inventory_record` WHERE is_delete = 0 AND management_type = 0
2022-01-04 09:47:15.242|DEBUG|http-nio-8088-exec-4|com.warehouse.dal.mapper.ext.ExtInventoryRecordDOMapper.selectList|select id, product_id, sku_id, management_type, remaining, quantity, unit, `comment`, is_delete, gmt_create, gmt_modified from `inventory_record` where is_delete = 0 and management_type = 0 order by gmt_create desc LIMIT 10 
2022-01-04 09:47:15.247|DEBUG|http-nio-8088-exec-4|com.warehouse.dal.mapper.ext.ExtProductDOMapper.selectByIds|select id, product_name, `status`, is_delete, gmt_create, gmt_modified from `product` where is_delete = 0 and id in ( 1 , 11 , 12 , 15 )
2022-01-04 09:47:15.253|DEBUG|http-nio-8088-exec-4|com.warehouse.dal.mapper.ext.ExtSkuDOMapper.selectByIds|select id, sku_name, cost_price, `status`, unit, is_delete, gmt_create, gmt_modified from `sku` where is_delete = 0 and id in ( 49 , 1 , 53 , 54 , 57 )
2022-01-04 09:47:15.758|DEBUG|http-nio-8088-exec-6|com.warehouse.dal.mapper.ext.ExtInventoryRecordDOMapper.selectList_COUNT|SELECT count(0) FROM `inventory_record` WHERE is_delete = 0 AND management_type = 1
2022-01-04 09:47:15.764|DEBUG|http-nio-8088-exec-6|com.warehouse.dal.mapper.ext.ExtInventoryRecordDOMapper.selectList|select id, product_id, sku_id, management_type, remaining, quantity, unit, `comment`, is_delete, gmt_create, gmt_modified from `inventory_record` where is_delete = 0 and management_type = 1 order by gmt_create desc LIMIT 10 
2022-01-04 09:47:15.770|DEBUG|http-nio-8088-exec-6|com.warehouse.dal.mapper.ext.ExtProductDOMapper.selectByIds|select id, product_name, `status`, is_delete, gmt_create, gmt_modified from `product` where is_delete = 0 and id in ( 16 , 1 , 2 , 12 )
2022-01-04 09:47:15.777|DEBUG|http-nio-8088-exec-6|com.warehouse.dal.mapper.ext.ExtSkuDOMapper.selectByIds|select id, sku_name, cost_price, `status`, unit, is_delete, gmt_create, gmt_modified from `sku` where is_delete = 0 and id in ( 1 , 53 , 58 , 12 )
2022-01-04 09:48:04.817|DEBUG|http-nio-8088-exec-9|com.warehouse.dal.mapper.ext.ExtInventoryRecordDOMapper.selectList_COUNT|SELECT count(0) FROM `inventory_record` WHERE is_delete = 0 AND management_type = 1
2022-01-04 09:48:04.823|DEBUG|http-nio-8088-exec-9|com.warehouse.dal.mapper.ext.ExtInventoryRecordDOMapper.selectList|select id, product_id, sku_id, management_type, remaining, quantity, unit, `comment`, is_delete, gmt_create, gmt_modified from `inventory_record` where is_delete = 0 and management_type = 1 order by gmt_create desc LIMIT 10 
2022-01-04 09:48:04.829|DEBUG|http-nio-8088-exec-9|com.warehouse.dal.mapper.ext.ExtProductDOMapper.selectByIds|select id, product_name, `status`, is_delete, gmt_create, gmt_modified from `product` where is_delete = 0 and id in ( 16 , 1 , 2 , 12 )
2022-01-04 09:48:04.836|DEBUG|http-nio-8088-exec-9|com.warehouse.dal.mapper.ext.ExtSkuDOMapper.selectByIds|select id, sku_name, cost_price, `status`, unit, is_delete, gmt_create, gmt_modified from `sku` where is_delete = 0 and id in ( 1 , 53 , 58 , 12 )
2022-01-04 09:48:05.359|DEBUG|http-nio-8088-exec-10|com.warehouse.dal.mapper.ext.ExtInventoryDOMapper.selectAdminList_COUNT|SELECT count(0) FROM `inventory` WHERE is_delete = 0
2022-01-04 09:48:05.366|DEBUG|http-nio-8088-exec-10|com.warehouse.dal.mapper.ext.ExtInventoryDOMapper.selectAdminList|select id, product_id, sku_id, unit, total_remaining, out_bound_times, out_bound, in_bound_times, in_bound, is_delete, gmt_create, gmt_modified from `inventory` where is_delete = 0 LIMIT 10 
2022-01-04 09:48:05.374|DEBUG|http-nio-8088-exec-10|com.warehouse.dal.mapper.ext.ExtProductDOMapper.selectByIds|select id, product_name, `status`, is_delete, gmt_create, gmt_modified from `product` where is_delete = 0 and id in ( 16 , 1 , 2 , 11 , 12 , 15 )
2022-01-04 09:48:05.383|DEBUG|http-nio-8088-exec-10|com.warehouse.dal.mapper.ext.ExtSkuDOMapper.selectByIds|select id, sku_name, cost_price, `status`, unit, is_delete, gmt_create, gmt_modified from `sku` where is_delete = 0 and id in ( 1 , 49 , 53 , 54 , 57 , 58 , 12 )
